<?xml version="1.0" encoding="UTF-8"?>
<robot generator="Robot 5.0.1 (Python 3.10.4 on win32)" generated="20220713 19:07:10.948" rpa="false" schemaversion="3">
<suite id="s1" name="Suites">
<suite id="s1-s1" name="Pabot" source="C:\Users\00004999\PycharmProjects\robot scripts\pythonProject\Day1PythonProgramming\Day8\pabot.robot">
<test id="s1-s1-t1" name="Print_All_Links_Using_Robot" line="11">
<kw name="Open Browser" library="SeleniumLibrary">
<arg>https://techedtrainings.com/courses/</arg>
<arg>Chrome</arg>
<doc>Opens a new browser instance to the optional ``url``.</doc>
<msg timestamp="20220713 19:07:11.506" level="INFO">Opening browser 'Chrome' to base url 'https://techedtrainings.com/courses/'.</msg>
<status status="PASS" starttime="20220713 19:07:11.506" endtime="20220713 19:07:18.231"/>
</kw>
<kw name="Maximize Browser Window" library="SeleniumLibrary">
<doc>Maximizes current browser window.</doc>
<status status="PASS" starttime="20220713 19:07:18.231" endtime="20220713 19:07:18.532"/>
</kw>
<kw name="Sleep" library="BuiltIn">
<arg>2</arg>
<doc>Pauses the test executed for the given time.</doc>
<msg timestamp="20220713 19:07:20.549" level="INFO">Slept 2 seconds</msg>
<status status="PASS" starttime="20220713 19:07:18.532" endtime="20220713 19:07:20.549"/>
</kw>
<kw name="Get Element Count" library="SeleniumLibrary">
<var>${AllLinksCount}</var>
<arg>xpath://a</arg>
<doc>Returns the number of elements matching ``locator``.</doc>
<msg timestamp="20220713 19:07:20.574" level="INFO">${AllLinksCount} = 156</msg>
<status status="PASS" starttime="20220713 19:07:20.549" endtime="20220713 19:07:20.574"/>
</kw>
<kw name="Log To Console" library="BuiltIn">
<arg>${AllLinksCount}</arg>
<doc>Logs the given message to the console.</doc>
<status status="PASS" starttime="20220713 19:07:20.574" endtime="20220713 19:07:20.576"/>
</kw>
<kw name="Should Be True" library="BuiltIn">
<arg>${AllLinksCount}==156</arg>
<doc>Fails if the given condition is not true.</doc>
<status status="PASS" starttime="20220713 19:07:20.576" endtime="20220713 19:07:20.577"/>
</kw>
<kw name="Get WebElements" library="SeleniumLibrary">
<var>${all_links}</var>
<arg>xpath://a</arg>
<doc>Returns a list of WebElement objects matching the ``locator``.</doc>
<msg timestamp="20220713 19:07:20.596" level="INFO">${all_links} = [&lt;selenium.webdriver.remote.webelement.WebElement (session="aed8256aef1a4eedc66ecee4e09e887c", element="3cd01c38-a3d6-413c-b80e-12c9202b8a54")&gt;, &lt;selenium.webdriver.remote.webelement.WebElement (sessi...</msg>
<status status="PASS" starttime="20220713 19:07:20.577" endtime="20220713 19:07:20.596"/>
</kw>
<for flavor="IN">
<var>${ele}</var>
<value>@{all_links}</value>
<iter>
<var name="${ele}">&lt;selenium.webdriver.remote.webelement.WebElement (session="aed8256aef1a4eedc66ecee4e09e887c", element="3cd01c38-a3d6-413c-b80e-12c9202b8a54")&gt;</var>
<kw name="Get Text" library="SeleniumLibrary">
<var>${runtimelinks}</var>
<arg>${ele}</arg>
<doc>Returns the text value of the element identified by ``locator``.</doc>
<msg timestamp="20220713 19:07:20.621" level="INFO">${runtimelinks} = </msg>
<status status="PASS" starttime="20220713 19:07:20.598" endtime="20220713 19:07:20.621"/>
</kw>
<kw name="Log To Console" library="BuiltIn">
<arg>${runtimelinks}</arg>
<doc>Logs the given message to the console.</doc>
<status status="PASS" starttime="20220713 19:07:20.621" endtime="20220713 19:07:20.622"/>
</kw>
<kw name="Exit For Loop If" library="BuiltIn">
<arg>"""${linkTextTovalidate}"""=="""${runtimelinks}"""</arg>
<doc>Stops executing the enclosing FOR loop if the ``condition`` is true.</doc>
<status status="PASS" starttime="20220713 19:07:20.623" endtime="20220713 19:07:20.624"/>
</kw>
<status status="PASS" starttime="20220713 19:07:20.597" endtime="20220713 19:07:20.624"/>
</iter>
<iter>
<var name="${ele}">&lt;selenium.webdriver.remote.webelement.WebElement (session="aed8256aef1a4eedc66ecee4e09e887c", element="5c1a90aa-f0ce-4625-ab29-63db9bbb352b")&gt;</var>
<kw name="Get Text" library="SeleniumLibrary">
<var>${runtimelinks}</var>
<arg>${ele}</arg>
<doc>Returns the text value of the element identified by ``locator``.</doc>
<msg timestamp="20220713 19:07:20.644" level="INFO">${runtimelinks} = HOME</msg>
<status status="PASS" starttime="20220713 19:07:20.625" endtime="20220713 19:07:20.644"/>
</kw>
<kw name="Log To Console" library="BuiltIn">
<arg>${runtimelinks}</arg>
<doc>Logs the given message to the console.</doc>
<status status="PASS" starttime="20220713 19:07:20.644" endtime="20220713 19:07:20.645"/>
</kw>
<kw name="Exit For Loop If" library="BuiltIn">
<arg>"""${linkTextTovalidate}"""=="""${runtimelinks}"""</arg>
<doc>Stops executing the enclosing FOR loop if the ``condition`` is true.</doc>
<status status="PASS" starttime="20220713 19:07:20.646" endtime="20220713 19:07:20.647"/>
</kw>
<status status="PASS" starttime="20220713 19:07:20.624" endtime="20220713 19:07:20.647"/>
</iter>
<iter>
<var name="${ele}">&lt;selenium.webdriver.remote.webelement.WebElement (session="aed8256aef1a4eedc66ecee4e09e887c", element="ac7af475-632f-47d9-912e-7576df5cb96f")&gt;</var>
<kw name="Get Text" library="SeleniumLibrary">
<var>${runtimelinks}</var>
<arg>${ele}</arg>
<doc>Returns the text value of the element identified by ``locator``.</doc>
<msg timestamp="20220713 19:07:20.668" level="INFO">${runtimelinks} = COURSES</msg>
<status status="PASS" starttime="20220713 19:07:20.648" endtime="20220713 19:07:20.668"/>
</kw>
<kw name="Log To Console" library="BuiltIn">
<arg>${runtimelinks}</arg>
<doc>Logs the given message to the console.</doc>
<status status="PASS" starttime="20220713 19:07:20.668" endtime="20220713 19:07:20.669"/>
</kw>
<kw name="Exit For Loop If" library="BuiltIn">
<arg>"""${linkTextTovalidate}"""=="""${runtimelinks}"""</arg>
<doc>Stops executing the enclosing FOR loop if the ``condition`` is true.</doc>
<status status="PASS" starttime="20220713 19:07:20.669" endtime="20220713 19:07:20.671"/>
</kw>
<status status="PASS" starttime="20220713 19:07:20.647" endtime="20220713 19:07:20.671"/>
</iter>
<iter>
<var name="${ele}">&lt;selenium.webdriver.remote.webelement.WebElement (session="aed8256aef1a4eedc66ecee4e09e887c", element="765c5dc3-7db8-4c83-9f6f-8902a992c659")&gt;</var>
<kw name="Get Text" library="SeleniumLibrary">
<var>${runtimelinks}</var>
<arg>${ele}</arg>
<doc>Returns the text value of the element identified by ``locator``.</doc>
<msg timestamp="20220713 19:07:20.693" level="INFO">${runtimelinks} = CORPORATE TRAINING</msg>
<status status="PASS" starttime="20220713 19:07:20.672" endtime="20220713 19:07:20.693"/>
</kw>
<kw name="Log To Console" library="BuiltIn">
<arg>${runtimelinks}</arg>
<doc>Logs the given message to the console.</doc>
<status status="PASS" starttime="20220713 19:07:20.694" endtime="20220713 19:07:20.695"/>
</kw>
<kw name="Exit For Loop If" library="BuiltIn">
<arg>"""${linkTextTovalidate}"""=="""${runtimelinks}"""</arg>
<doc>Stops executing the enclosing FOR loop if the ``condition`` is true.</doc>
<status status="PASS" starttime="20220713 19:07:20.695" endtime="20220713 19:07:20.696"/>
</kw>
<status status="PASS" starttime="20220713 19:07:20.671" endtime="20220713 19:07:20.697"/>
</iter>
<iter>
<var name="${ele}">&lt;selenium.webdriver.remote.webelement.WebElement (session="aed8256aef1a4eedc66ecee4e09e887c", element="fdca67e0-902c-4db3-aa50-85837c2a1a56")&gt;</var>
<kw name="Get Text" library="SeleniumLibrary">
<var>${runtimelinks}</var>
<arg>${ele}</arg>
<doc>Returns the text value of the element identified by ``locator``.</doc>
<msg timestamp="20220713 19:07:20.712" level="INFO">${runtimelinks} = </msg>
<status status="PASS" starttime="20220713 19:07:20.698" endtime="20220713 19:07:20.712"/>
</kw>
<kw name="Log To Console" library="BuiltIn">
<arg>${runtimelinks}</arg>
<doc>Logs the given message to the console.</doc>
<status status="PASS" starttime="20220713 19:07:20.713" endtime="20220713 19:07:20.713"/>
</kw>
<kw name="Exit For Loop If" library="BuiltIn">
<arg>"""${linkTextTovalidate}"""=="""${runtimelinks}"""</arg>
<doc>Stops executing the enclosing FOR loop if the ``condition`` is true.</doc>
<status status="PASS" starttime="20220713 19:07:20.714" endtime="20220713 19:07:20.714"/>
</kw>
<status status="PASS" starttime="20220713 19:07:20.697" endtime="20220713 19:07:20.714"/>
</iter>
<iter>
<var name="${ele}">&lt;selenium.webdriver.remote.webelement.WebElement (session="aed8256aef1a4eedc66ecee4e09e887c", element="68d30e72-6a8b-4ba2-99d7-04b2e071260e")&gt;</var>
<kw name="Get Text" library="SeleniumLibrary">
<var>${runtimelinks}</var>
<arg>${ele}</arg>
<doc>Returns the text value of the element identified by ``locator``.</doc>
<msg timestamp="20220713 19:07:20.733" level="INFO">${runtimelinks} = </msg>
<status status="PASS" starttime="20220713 19:07:20.716" endtime="20220713 19:07:20.733"/>
</kw>
<kw name="Log To Console" library="BuiltIn">
<arg>${runtimelinks}</arg>
<doc>Logs the given message to the console.</doc>
<status status="PASS" starttime="20220713 19:07:20.733" endtime="20220713 19:07:20.734"/>
</kw>
<kw name="Exit For Loop If" library="BuiltIn">
<arg>"""${linkTextTovalidate}"""=="""${runtimelinks}"""</arg>
<doc>Stops executing the enclosing FOR loop if the ``condition`` is true.</doc>
<status status="PASS" starttime="20220713 19:07:20.735" endtime="20220713 19:07:20.736"/>
</kw>
<status status="PASS" starttime="20220713 19:07:20.715" endtime="20220713 19:07:20.736"/>
</iter>
<iter>
<var name="${ele}">&lt;selenium.webdriver.remote.webelement.WebElement (session="aed8256aef1a4eedc66ecee4e09e887c", element="9f581b0f-43ef-4855-8431-37d7b7381ec7")&gt;</var>
<kw name="Get Text" library="SeleniumLibrary">
<var>${runtimelinks}</var>
<arg>${ele}</arg>
<doc>Returns the text value of the element identified by ``locator``.</doc>
<msg timestamp="20220713 19:07:20.753" level="INFO">${runtimelinks} = </msg>
<status status="PASS" starttime="20220713 19:07:20.737" endtime="20220713 19:07:20.753"/>
</kw>
<kw name="Log To Console" library="BuiltIn">
<arg>${runtimelinks}</arg>
<doc>Logs the given message to the console.</doc>
<status status="PASS" starttime="20220713 19:07:20.754" endtime="20220713 19:07:20.755"/>
</kw>
<kw name="Exit For Loop If" library="BuiltIn">
<arg>"""${linkTextTovalidate}"""=="""${runtimelinks}"""</arg>
<doc>Stops executing the enclosing FOR loop if the ``condition`` is true.</doc>
<status status="PASS" starttime="20220713 19:07:20.755" endtime="20220713 19:07:20.756"/>
</kw>
<status status="PASS" starttime="20220713 19:07:20.737" endtime="20220713 19:07:20.756"/>
</iter>
<iter>
<var name="${ele}">&lt;selenium.webdriver.remote.webelement.WebElement (session="aed8256aef1a4eedc66ecee4e09e887c", element="76ec8d74-7d63-41c5-bf15-9d22eabd404c")&gt;</var>
<kw name="Get Text" library="SeleniumLibrary">
<var>${runtimelinks}</var>
<arg>${ele}</arg>
<doc>Returns the text value of the element identified by ``locator``.</doc>
<msg timestamp="20220713 19:07:20.774" level="INFO">${runtimelinks} = </msg>
<status status="PASS" starttime="20220713 19:07:20.757" endtime="20220713 19:07:20.774"/>
</kw>
<kw name="Log To Console" library="BuiltIn">
<arg>${runtimelinks}</arg>
<doc>Logs the given message to the console.</doc>
<status status="PASS" starttime="20220713 19:07:20.775" endtime="20220713 19:07:20.776"/>
</kw>
<kw name="Exit For Loop If" library="BuiltIn">
<arg>"""${linkTextTovalidate}"""=="""${runtimelinks}"""</arg>
<doc>Stops executing the enclosing FOR loop if the ``condition`` is true.</doc>
<status status="PASS" starttime="20220713 19:07:20.776" endtime="20220713 19:07:20.778"/>
</kw>
<status status="PASS" starttime="20220713 19:07:20.757" endtime="20220713 19:07:20.778"/>
</iter>
<iter>
<var name="${ele}">&lt;selenium.webdriver.remote.webelement.WebElement (session="aed8256aef1a4eedc66ecee4e09e887c", element="b4e1e2a1-8d5b-4359-af21-c1884ed94027")&gt;</var>
<kw name="Get Text" library="SeleniumLibrary">
<var>${runtimelinks}</var>
<arg>${ele}</arg>
<doc>Returns the text value of the element identified by ``locator``.</doc>
<msg timestamp="20220713 19:07:20.796" level="INFO">${runtimelinks} = </msg>
<status status="PASS" starttime="20220713 19:07:20.779" endtime="20220713 19:07:20.796"/>
</kw>
<kw name="Log To Console" library="BuiltIn">
<arg>${runtimelinks}</arg>
<doc>Logs the given message to the console.</doc>
<status status="PASS" starttime="20220713 19:07:20.796" endtime="20220713 19:07:20.797"/>
</kw>
<kw name="Exit For Loop If" library="BuiltIn">
<arg>"""${linkTextTovalidate}"""=="""${runtimelinks}"""</arg>
<doc>Stops executing the enclosing FOR loop if the ``condition`` is true.</doc>
<status status="PASS" starttime="20220713 19:07:20.798" endtime="20220713 19:07:20.799"/>
</kw>
<status status="PASS" starttime="20220713 19:07:20.778" endtime="20220713 19:07:20.799"/>
</iter>
<iter>
<var name="${ele}">&lt;selenium.webdriver.remote.webelement.WebElement (session="aed8256aef1a4eedc66ecee4e09e887c", element="78fca795-1a91-4419-8649-6b568906eb91")&gt;</var>
<kw name="Get Text" library="SeleniumLibrary">
<var>${runtimelinks}</var>
<arg>${ele}</arg>
<doc>Returns the text value of the element identified by ``locator``.</doc>
<msg timestamp="20220713 19:07:20.817" level="INFO">${runtimelinks} = </msg>
<status status="PASS" starttime="20220713 19:07:20.800" endtime="20220713 19:07:20.817"/>
</kw>
<kw name="Log To Console" library="BuiltIn">
<arg>${runtimelinks}</arg>
<doc>Logs the given message to the console.</doc>
<status status="PASS" starttime="20220713 19:07:20.817" endtime="20220713 19:07:20.818"/>
</kw>
<kw name="Exit For Loop If" library="BuiltIn">
<arg>"""${linkTextTovalidate}"""=="""${runtimelinks}"""</arg>
<doc>Stops executing the enclosing FOR loop if the ``condition`` is true.</doc>
<status status="PASS" starttime="20220713 19:07:20.819" endtime="20220713 19:07:20.820"/>
</kw>
<status status="PASS" starttime="20220713 19:07:20.800" endtime="20220713 19:07:20.820"/>
</iter>
<iter>
<var name="${ele}">&lt;selenium.webdriver.remote.webelement.WebElement (session="aed8256aef1a4eedc66ecee4e09e887c", element="cdd07bca-dd95-43ef-9fae-3649d34acf36")&gt;</var>
<kw name="Get Text" library="SeleniumLibrary">
<var>${runtimelinks}</var>
<arg>${ele}</arg>
<doc>Returns the text value of the element identified by ``locator``.</doc>
<msg timestamp="20220713 19:07:20.839" level="INFO">${runtimelinks} = ABOUT</msg>
<status status="PASS" starttime="20220713 19:07:20.821" endtime="20220713 19:07:20.840"/>
</kw>
<kw name="Log To Console" library="BuiltIn">
<arg>${runtimelinks}</arg>
<doc>Logs the given message to the console.</doc>
<status status="PASS" starttime="20220713 19:07:20.840" endtime="20220713 19:07:20.841"/>
</kw>
<kw name="Exit For Loop If" library="BuiltIn">
<arg>"""${linkTextTovalidate}"""=="""${runtimelinks}"""</arg>
<doc>Stops executing the enclosing FOR loop if the ``condition`` is true.</doc>
<status status="PASS" starttime="20220713 19:07:20.841" endtime="20220713 19:07:20.843"/>
</kw>
<status status="PASS" starttime="20220713 19:07:20.820" endtime="20220713 19:07:20.843"/>
</iter>
<iter>
<var name="${ele}">&lt;selenium.webdriver.remote.webelement.WebElement (session="aed8256aef1a4eedc66ecee4e09e887c", element="4cc20415-41e7-4f8a-b73c-16829f23c861")&gt;</var>
<kw name="Get Text" library="SeleniumLibrary">
<var>${runtimelinks}</var>
<arg>${ele}</arg>
<doc>Returns the text value of the element identified by ``locator``.</doc>
<msg timestamp="20220713 19:07:20.865" level="INFO">${runtimelinks} = CONTACT</msg>
<status status="PASS" starttime="20220713 19:07:20.844" endtime="20220713 19:07:20.865"/>
</kw>
<kw name="Log To Console" library="BuiltIn">
<arg>${runtimelinks}</arg>
<doc>Logs the given message to the console.</doc>
<status status="PASS" starttime="20220713 19:07:20.866" endtime="20220713 19:07:20.867"/>
</kw>
<kw name="Exit For Loop If" library="BuiltIn">
<arg>"""${linkTextTovalidate}"""=="""${runtimelinks}"""</arg>
<doc>Stops executing the enclosing FOR loop if the ``condition`` is true.</doc>
<status status="PASS" starttime="20220713 19:07:20.867" endtime="20220713 19:07:20.868"/>
</kw>
<status status="PASS" starttime="20220713 19:07:20.843" endtime="20220713 19:07:20.869"/>
</iter>
<iter>
<var name="${ele}">&lt;selenium.webdriver.remote.webelement.WebElement (session="aed8256aef1a4eedc66ecee4e09e887c", element="73070995-f758-4aad-9486-369b80f2653a")&gt;</var>
<kw name="Get Text" library="SeleniumLibrary">
<var>${runtimelinks}</var>
<arg>${ele}</arg>
<doc>Returns the text value of the element identified by ``locator``.</doc>
<msg timestamp="20220713 19:07:20.891" level="INFO">${runtimelinks} = </msg>
<status status="PASS" starttime="20220713 19:07:20.870" endtime="20220713 19:07:20.891"/>
</kw>
<kw name="Log To Console" library="BuiltIn">
<arg>${runtimelinks}</arg>
<doc>Logs the given message to the console.</doc>
<status status="PASS" starttime="20220713 19:07:20.892" endtime="20220713 19:07:20.893"/>
</kw>
<kw name="Exit For Loop If" library="BuiltIn">
<arg>"""${linkTextTovalidate}"""=="""${runtimelinks}"""</arg>
<doc>Stops executing the enclosing FOR loop if the ``condition`` is true.</doc>
<status status="PASS" starttime="20220713 19:07:20.893" endtime="20220713 19:07:20.894"/>
</kw>
<status status="PASS" starttime="20220713 19:07:20.869" endtime="20220713 19:07:20.895"/>
</iter>
<iter>
<var name="${ele}">&lt;selenium.webdriver.remote.webelement.WebElement (session="aed8256aef1a4eedc66ecee4e09e887c", element="268cbae8-680f-4340-b651-032bf2ed5f58")&gt;</var>
<kw name="Get Text" library="SeleniumLibrary">
<var>${runtimelinks}</var>
<arg>${ele}</arg>
<doc>Returns the text value of the element identified by ``locator``.</doc>
<msg timestamp="20220713 19:07:20.917" level="INFO">${runtimelinks} = Essential Java</msg>
<status status="PASS" starttime="20220713 19:07:20.895" endtime="20220713 19:07:20.917"/>
</kw>
<kw name="Log To Console" library="BuiltIn">
<arg>${runtimelinks}</arg>
<doc>Logs the given message to the console.</doc>
<status status="PASS" starttime="20220713 19:07:20.918" endtime="20220713 19:07:20.919"/>
</kw>
<kw name="Exit For Loop If" library="BuiltIn">
<arg>"""${linkTextTovalidate}"""=="""${runtimelinks}"""</arg>
<doc>Stops executing the enclosing FOR loop if the ``condition`` is true.</doc>
<status status="PASS" starttime="20220713 19:07:20.919" endtime="20220713 19:07:20.921"/>
</kw>
<status status="PASS" starttime="20220713 19:07:20.895" endtime="20220713 19:07:20.921"/>
</iter>
<iter>
<var name="${ele}">&lt;selenium.webdriver.remote.webelement.WebElement (session="aed8256aef1a4eedc66ecee4e09e887c", element="96598cc9-2161-4c20-9d55-455c0979ad40")&gt;</var>
<kw name="Get Text" library="SeleniumLibrary">
<var>${runtimelinks}</var>
<arg>${ele}</arg>
<doc>Returns the text value of the element identified by ``locator``.</doc>
<msg timestamp="20220713 19:07:20.943" level="INFO">${runtimelinks} = Developing Applications with Java 8</msg>
<status status="PASS" starttime="20220713 19:07:20.922" endtime="20220713 19:07:20.943"/>
</kw>
<kw name="Log To Console" library="BuiltIn">
<arg>${runtimelinks}</arg>
<doc>Logs the given message to the console.</doc>
<status status="PASS" starttime="20220713 19:07:20.944" endtime="20220713 19:07:20.946"/>
</kw>
<kw name="Exit For Loop If" library="BuiltIn">
<arg>"""${linkTextTovalidate}"""=="""${runtimelinks}"""</arg>
<doc>Stops executing the enclosing FOR loop if the ``condition`` is true.</doc>
<status status="PASS" starttime="20220713 19:07:20.947" endtime="20220713 19:07:20.948"/>
</kw>
<status status="PASS" starttime="20220713 19:07:20.921" endtime="20220713 19:07:20.948"/>
</iter>
<iter>
<var name="${ele}">&lt;selenium.webdriver.remote.webelement.WebElement (session="aed8256aef1a4eedc66ecee4e09e887c", element="b2bb1432-3451-4c3b-9292-dfcc6de13014")&gt;</var>
<kw name="Get Text" library="SeleniumLibrary">
<var>${runtimelinks}</var>
<arg>${ele}</arg>
<doc>Returns the text value of the element identified by ``locator``.</doc>
<msg timestamp="20220713 19:07:20.970" level="INFO">${runtimelinks} = JEE Test-Driven Development</msg>
<status status="PASS" starttime="20220713 19:07:20.949" endtime="20220713 19:07:20.970"/>
</kw>
<kw name="Log To Console" library="BuiltIn">
<arg>${runtimelinks}</arg>
<doc>Logs the given message to the console.</doc>
<status status="PASS" starttime="20220713 19:07:20.971" endtime="20220713 19:07:20.972"/>
</kw>
<kw name="Exit For Loop If" library="BuiltIn">
<arg>"""${linkTextTovalidate}"""=="""${runtimelinks}"""</arg>
<doc>Stops executing the enclosing FOR loop if the ``condition`` is true.</doc>
<status status="PASS" starttime="20220713 19:07:20.972" endtime="20220713 19:07:20.973"/>
</kw>
<status status="PASS" starttime="20220713 19:07:20.949" endtime="20220713 19:07:20.974"/>
</iter>
<iter>
<var name="${ele}">&lt;selenium.webdriver.remote.webelement.WebElement (session="aed8256aef1a4eedc66ecee4e09e887c", element="13c4509a-ca3c-44fe-bba2-9893a8842b12")&gt;</var>
<kw name="Get Text" library="SeleniumLibrary">
<var>${runtimelinks}</var>
<arg>${ele}</arg>
<doc>Returns the text value of the element identified by ``locator``.</doc>
<msg timestamp="20220713 19:07:20.997" level="INFO">${runtimelinks} = Mastering Test-Driven Development Using JUnit</msg>
<status status="PASS" starttime="20220713 19:07:20.975" endtime="20220713 19:07:20.997"/>
</kw>
<kw name="Log To Console" library="BuiltIn">
<arg>${runtimelinks}</arg>
<doc>Logs the given message to the console.</doc>
<status status="PASS" starttime="20220713 19:07:20.997" endtime="20220713 19:07:20.998"/>
</kw>
<kw name="Exit For Loop If" library="BuiltIn">
<arg>"""${linkTextTovalidate}"""=="""${runtimelinks}"""</arg>
<doc>Stops executing the enclosing FOR loop if the ``condition`` is true.</doc>
<status status="PASS" starttime="20220713 19:07:20.999" endtime="20220713 19:07:21.000"/>
</kw>
<status status="PASS" starttime="20220713 19:07:20.974" endtime="20220713 19:07:21.000"/>
</iter>
<iter>
<var name="${ele}">&lt;selenium.webdriver.remote.webelement.WebElement (session="aed8256aef1a4eedc66ecee4e09e887c", element="ba35e20a-7fe5-416d-bf66-50e68507c431")&gt;</var>
<kw name="Get Text" library="SeleniumLibrary">
<var>${runtimelinks}</var>
<arg>${ele}</arg>
<doc>Returns the text value of the element identified by ``locator``.</doc>
<msg timestamp="20220713 19:07:21.022" level="INFO">${runtimelinks} = Java 9 New Features</msg>
<status status="PASS" starttime="20220713 19:07:21.001" endtime="20220713 19:07:21.022"/>
</kw>
<kw name="Log To Console" library="BuiltIn">
<arg>${runtimelinks}</arg>
<doc>Logs the given message to the console.</doc>
<status status="PASS" starttime="20220713 19:07:21.022" endtime="20220713 19:07:21.023"/>
</kw>
<kw name="Exit For Loop If" library="BuiltIn">
<arg>"""${linkTextTovalidate}"""=="""${runtimelinks}"""</arg>
<doc>Stops executing the enclosing FOR loop if the ``condition`` is true.</doc>
<status status="PASS" starttime="20220713 19:07:21.024" endtime="20220713 19:07:21.025"/>
</kw>
<status status="PASS" starttime="20220713 19:07:21.001" endtime="20220713 19:07:21.025"/>
</iter>
<iter>
<var name="${ele}">&lt;selenium.webdriver.remote.webelement.WebElement (session="aed8256aef1a4eedc66ecee4e09e887c", element="e34765b9-81eb-4f1c-8908-988aee06b3cc")&gt;</var>
<kw name="Get Text" library="SeleniumLibrary">
<var>${runtimelinks}</var>
<arg>${ele}</arg>
<doc>Returns the text value of the element identified by ``locator``.</doc>
<msg timestamp="20220713 19:07:21.051" level="INFO">${runtimelinks} = Advanced Java</msg>
<status status="PASS" starttime="20220713 19:07:21.026" endtime="20220713 19:07:21.051"/>
</kw>
<kw name="Log To Console" library="BuiltIn">
<arg>${runtimelinks}</arg>
<doc>Logs the given message to the console.</doc>
<status status="PASS" starttime="20220713 19:07:21.051" endtime="20220713 19:07:21.052"/>
</kw>
<kw name="Exit For Loop If" library="BuiltIn">
<arg>"""${linkTextTovalidate}"""=="""${runtimelinks}"""</arg>
<doc>Stops executing the enclosing FOR loop if the ``condition`` is true.</doc>
<status status="PASS" starttime="20220713 19:07:21.053" endtime="20220713 19:07:21.054"/>
</kw>
<status status="PASS" starttime="20220713 19:07:21.026" endtime="20220713 19:07:21.055"/>
</iter>
<iter>
<var name="${ele}">&lt;selenium.webdriver.remote.webelement.WebElement (session="aed8256aef1a4eedc66ecee4e09e887c", element="a993621c-b105-4377-94ce-a99e77fb6a95")&gt;</var>
<kw name="Get Text" library="SeleniumLibrary">
<var>${runtimelinks}</var>
<arg>${ele}</arg>
<doc>Returns the text value of the element identified by ``locator``.</doc>
<msg timestamp="20220713 19:07:21.076" level="INFO">${runtimelinks} = JSP &amp; Servlets</msg>
<status status="PASS" starttime="20220713 19:07:21.056" endtime="20220713 19:07:21.076"/>
</kw>
<kw name="Log To Console" library="BuiltIn">
<arg>${runtimelinks}</arg>
<doc>Logs the given message to the console.</doc>
<status status="PASS" starttime="20220713 19:07:21.077" endtime="20220713 19:07:21.078"/>
</kw>
<kw name="Exit For Loop If" library="BuiltIn">
<arg>"""${linkTextTovalidate}"""=="""${runtimelinks}"""</arg>
<doc>Stops executing the enclosing FOR loop if the ``condition`` is true.</doc>
<status status="PASS" starttime="20220713 19:07:21.078" endtime="20220713 19:07:21.079"/>
</kw>
<status status="PASS" starttime="20220713 19:07:21.055" endtime="20220713 19:07:21.079"/>
</iter>
<iter>
<var name="${ele}">&lt;selenium.webdriver.remote.webelement.WebElement (session="aed8256aef1a4eedc66ecee4e09e887c", element="27c41238-1414-4ea6-8d31-999fd0b1be81")&gt;</var>
<kw name="Get Text" library="SeleniumLibrary">
<var>${runtimelinks}</var>
<arg>${ele}</arg>
<doc>Returns the text value of the element identified by ``locator``.</doc>
<msg timestamp="20220713 19:07:21.101" level="INFO">${runtimelinks} = Java Best Practices and Design Patterns</msg>
<status status="PASS" starttime="20220713 19:07:21.081" endtime="20220713 19:07:21.101"/>
</kw>
<kw name="Log To Console" library="BuiltIn">
<arg>${runtimelinks}</arg>
<doc>Logs the given message to the console.</doc>
<status status="PASS" starttime="20220713 19:07:21.102" endtime="20220713 19:07:21.103"/>
</kw>
<kw name="Exit For Loop If" library="BuiltIn">
<arg>"""${linkTextTovalidate}"""=="""${runtimelinks}"""</arg>
<doc>Stops executing the enclosing FOR loop if the ``condition`` is true.</doc>
<status status="PASS" starttime="20220713 19:07:21.103" endtime="20220713 19:07:21.105"/>
</kw>
<status status="PASS" starttime="20220713 19:07:21.080" endtime="20220713 19:07:21.105"/>
</iter>
<iter>
<var name="${ele}">&lt;selenium.webdriver.remote.webelement.WebElement (session="aed8256aef1a4eedc66ecee4e09e887c", element="fc2feecd-19d0-4a6f-857c-e393fdf7de79")&gt;</var>
<kw name="Get Text" library="SeleniumLibrary">
<var>${runtimelinks}</var>
<arg>${ele}</arg>
<doc>Returns the text value of the element identified by ``locator``.</doc>
<msg timestamp="20220713 19:07:21.127" level="INFO">${runtimelinks} = Implementing SOA with XML Web Services in Java</msg>
<status status="PASS" starttime="20220713 19:07:21.106" endtime="20220713 19:07:21.127"/>
</kw>
<kw name="Log To Console" library="BuiltIn">
<arg>${runtimelinks}</arg>
<doc>Logs the given message to the console.</doc>
<status status="PASS" starttime="20220713 19:07:21.127" endtime="20220713 19:07:21.128"/>
</kw>
<kw name="Exit For Loop If" library="BuiltIn">
<arg>"""${linkTextTovalidate}"""=="""${runtimelinks}"""</arg>
<doc>Stops executing the enclosing FOR loop if the ``condition`` is true.</doc>
<status status="PASS" starttime="20220713 19:07:21.129" endtime="20220713 19:07:21.130"/>
</kw>
<status status="PASS" starttime="20220713 19:07:21.105" endtime="20220713 19:07:21.130"/>
</iter>
<iter>
<var name="${ele}">&lt;selenium.webdriver.remote.webelement.WebElement (session="aed8256aef1a4eedc66ecee4e09e887c", element="d66321b3-b100-4976-b476-dc0089d340e7")&gt;</var>
<kw name="Get Text" library="SeleniumLibrary">
<var>${runtimelinks}</var>
<arg>${ele}</arg>
<doc>Returns the text value of the element identified by ``locator``.</doc>
<msg timestamp="20220713 19:07:21.153" level="INFO">${runtimelinks} = Mastering the Spring Framework and Hibernate</msg>
<status status="PASS" starttime="20220713 19:07:21.131" endtime="20220713 19:07:21.153"/>
</kw>
<kw name="Log To Console" library="BuiltIn">
<arg>${runtimelinks}</arg>
<doc>Logs the given message to the console.</doc>
<status status="PASS" starttime="20220713 19:07:21.154" endtime="20220713 19:07:21.154"/>
</kw>
<kw name="Exit For Loop If" library="BuiltIn">
<arg>"""${linkTextTovalidate}"""=="""${runtimelinks}"""</arg>
<doc>Stops executing the enclosing FOR loop if the ``condition`` is true.</doc>
<status status="PASS" starttime="20220713 19:07:21.155" endtime="20220713 19:07:21.156"/>
</kw>
<status status="PASS" starttime="20220713 19:07:21.131" endtime="20220713 19:07:21.156"/>
</iter>
<iter>
<var name="${ele}">&lt;selenium.webdriver.remote.webelement.WebElement (session="aed8256aef1a4eedc66ecee4e09e887c", element="86ac186f-0a55-49c6-bbb0-9378c9bc6b4b")&gt;</var>
<kw name="Get Text" library="SeleniumLibrary">
<var>${runtimelinks}</var>
<arg>${ele}</arg>
<doc>Returns the text value of the element identified by ``locator``.</doc>
<msg timestamp="20220713 19:07:21.179" level="INFO">${runtimelinks} = Deepdive in to SpringBoot &amp; Spring Data</msg>
<status status="PASS" starttime="20220713 19:07:21.157" endtime="20220713 19:07:21.179"/>
</kw>
<kw name="Log To Console" library="BuiltIn">
<arg>${runtimelinks}</arg>
<doc>Logs the given message to the console.</doc>
<status status="PASS" starttime="20220713 19:07:21.179" endtime="20220713 19:07:21.180"/>
</kw>
<kw name="Exit For Loop If" library="BuiltIn">
<arg>"""${linkTextTovalidate}"""=="""${runtimelinks}"""</arg>
<doc>Stops executing the enclosing FOR loop if the ``condition`` is true.</doc>
<status status="PASS" starttime="20220713 19:07:21.180" endtime="20220713 19:07:21.182"/>
</kw>
<status status="PASS" starttime="20220713 19:07:21.157" endtime="20220713 19:07:21.182"/>
</iter>
<iter>
<var name="${ele}">&lt;selenium.webdriver.remote.webelement.WebElement (session="aed8256aef1a4eedc66ecee4e09e887c", element="9bdf79f6-ac5d-4bba-bfcc-778a4a079b3e")&gt;</var>
<kw name="Get Text" library="SeleniumLibrary">
<var>${runtimelinks}</var>
<arg>${ele}</arg>
<doc>Returns the text value of the element identified by ``locator``.</doc>
<msg timestamp="20220713 19:07:21.204" level="INFO">${runtimelinks} = Spring Security</msg>
<status status="PASS" starttime="20220713 19:07:21.183" endtime="20220713 19:07:21.204"/>
</kw>
<kw name="Log To Console" library="BuiltIn">
<arg>${runtimelinks}</arg>
<doc>Logs the given message to the console.</doc>
<status status="PASS" starttime="20220713 19:07:21.204" endtime="20220713 19:07:21.205"/>
</kw>
<kw name="Exit For Loop If" library="BuiltIn">
<arg>"""${linkTextTovalidate}"""=="""${runtimelinks}"""</arg>
<doc>Stops executing the enclosing FOR loop if the ``condition`` is true.</doc>
<status status="PASS" starttime="20220713 19:07:21.206" endtime="20220713 19:07:21.207"/>
</kw>
<status status="PASS" starttime="20220713 19:07:21.182" endtime="20220713 19:07:21.207"/>
</iter>
<iter>
<var name="${ele}">&lt;selenium.webdriver.remote.webelement.WebElement (session="aed8256aef1a4eedc66ecee4e09e887c", element="a495dd3e-c9ce-41ab-941c-4ce84b36c288")&gt;</var>
<kw name="Get Text" library="SeleniumLibrary">
<var>${runtimelinks}</var>
<arg>${ele}</arg>
<doc>Returns the text value of the element identified by ``locator``.</doc>
<msg timestamp="20220713 19:07:21.227" level="INFO">${runtimelinks} = MicroServices using Spring Cloud</msg>
<status status="PASS" starttime="20220713 19:07:21.208" endtime="20220713 19:07:21.227"/>
</kw>
<kw name="Log To Console" library="BuiltIn">
<arg>${runtimelinks}</arg>
<doc>Logs the given message to the console.</doc>
<status status="PASS" starttime="20220713 19:07:21.227" endtime="20220713 19:07:21.228"/>
</kw>
<kw name="Exit For Loop If" library="BuiltIn">
<arg>"""${linkTextTovalidate}"""=="""${runtimelinks}"""</arg>
<doc>Stops executing the enclosing FOR loop if the ``condition`` is true.</doc>
<status status="PASS" starttime="20220713 19:07:21.228" endtime="20220713 19:07:21.230"/>
</kw>
<status status="PASS" starttime="20220713 19:07:21.207" endtime="20220713 19:07:21.230"/>
</iter>
<iter>
<var name="${ele}">&lt;selenium.webdriver.remote.webelement.WebElement (session="aed8256aef1a4eedc66ecee4e09e887c", element="71592e8e-a9a4-484f-9d8b-dc918469a750")&gt;</var>
<kw name="Get Text" library="SeleniumLibrary">
<var>${runtimelinks}</var>
<arg>${ele}</arg>
<doc>Returns the text value of the element identified by ``locator``.</doc>
<msg timestamp="20220713 19:07:21.254" level="INFO">${runtimelinks} = Quarkus &amp; MicroProfile</msg>
<status status="PASS" starttime="20220713 19:07:21.231" endtime="20220713 19:07:21.254"/>
</kw>
<kw name="Log To Console" library="BuiltIn">
<arg>${runtimelinks}</arg>
<doc>Logs the given message to the console.</doc>
<status status="PASS" starttime="20220713 19:07:21.255" endtime="20220713 19:07:21.256"/>
</kw>
<kw name="Exit For Loop If" library="BuiltIn">
<arg>"""${linkTextTovalidate}"""=="""${runtimelinks}"""</arg>
<doc>Stops executing the enclosing FOR loop if the ``condition`` is true.</doc>
<status status="PASS" starttime="20220713 19:07:21.256" endtime="20220713 19:07:21.258"/>
</kw>
<status status="PASS" starttime="20220713 19:07:21.230" endtime="20220713 19:07:21.258"/>
</iter>
<iter>
<var name="${ele}">&lt;selenium.webdriver.remote.webelement.WebElement (session="aed8256aef1a4eedc66ecee4e09e887c", element="67d8175a-dcf3-429a-94f2-295575126340")&gt;</var>
<kw name="Get Text" library="SeleniumLibrary">
<var>${runtimelinks}</var>
<arg>${ele}</arg>
<doc>Returns the text value of the element identified by ``locator``.</doc>
<msg timestamp="20220713 19:07:21.279" level="INFO">${runtimelinks} = Big Data Essentials for Managers &amp; Non-Programmers</msg>
<status status="PASS" starttime="20220713 19:07:21.259" endtime="20220713 19:07:21.279"/>
</kw>
<kw name="Log To Console" library="BuiltIn">
<arg>${runtimelinks}</arg>
<doc>Logs the given message to the console.</doc>
<status status="PASS" starttime="20220713 19:07:21.280" endtime="20220713 19:07:21.281"/>
</kw>
<kw name="Exit For Loop If" library="BuiltIn">
<arg>"""${linkTextTovalidate}"""=="""${runtimelinks}"""</arg>
<doc>Stops executing the enclosing FOR loop if the ``condition`` is true.</doc>
<status status="PASS" starttime="20220713 19:07:21.282" endtime="20220713 19:07:21.283"/>
</kw>
<status status="PASS" starttime="20220713 19:07:21.259" endtime="20220713 19:07:21.283"/>
</iter>
<iter>
<var name="${ele}">&lt;selenium.webdriver.remote.webelement.WebElement (session="aed8256aef1a4eedc66ecee4e09e887c", element="7d68d291-be75-4e8f-b31a-25e11d5ca016")&gt;</var>
<kw name="Get Text" library="SeleniumLibrary">
<var>${runtimelinks}</var>
<arg>${ele}</arg>
<doc>Returns the text value of the element identified by ``locator``.</doc>
<msg timestamp="20220713 19:07:21.306" level="INFO">${runtimelinks} = Analysing Big Data Using Hadoop, Hive, Spark, and HBase</msg>
<status status="PASS" starttime="20220713 19:07:21.285" endtime="20220713 19:07:21.306"/>
</kw>
<kw name="Log To Console" library="BuiltIn">
<arg>${runtimelinks}</arg>
<doc>Logs the given message to the console.</doc>
<status status="PASS" starttime="20220713 19:07:21.307" endtime="20220713 19:07:21.308"/>
</kw>
<kw name="Exit For Loop If" library="BuiltIn">
<arg>"""${linkTextTovalidate}"""=="""${runtimelinks}"""</arg>
<doc>Stops executing the enclosing FOR loop if the ``condition`` is true.</doc>
<status status="PASS" starttime="20220713 19:07:21.308" endtime="20220713 19:07:21.309"/>
</kw>
<status status="PASS" starttime="20220713 19:07:21.284" endtime="20220713 19:07:21.310"/>
</iter>
<iter>
<var name="${ele}">&lt;selenium.webdriver.remote.webelement.WebElement (session="aed8256aef1a4eedc66ecee4e09e887c", element="f27b190e-8988-4e58-bfd2-8a9a2213b361")&gt;</var>
<kw name="Get Text" library="SeleniumLibrary">
<var>${runtimelinks}</var>
<arg>${ele}</arg>
<doc>Returns the text value of the element identified by ``locator``.</doc>
<msg timestamp="20220713 19:07:21.340" level="INFO">${runtimelinks} = Hadoop for MapReduce Applications</msg>
<status status="PASS" starttime="20220713 19:07:21.311" endtime="20220713 19:07:21.340"/>
</kw>
<kw name="Log To Console" library="BuiltIn">
<arg>${runtimelinks}</arg>
<doc>Logs the given message to the console.</doc>
<status status="PASS" starttime="20220713 19:07:21.340" endtime="20220713 19:07:21.341"/>
</kw>
<kw name="Exit For Loop If" library="BuiltIn">
<arg>"""${linkTextTovalidate}"""=="""${runtimelinks}"""</arg>
<doc>Stops executing the enclosing FOR loop if the ``condition`` is true.</doc>
<status status="PASS" starttime="20220713 19:07:21.341" endtime="20220713 19:07:21.343"/>
</kw>
<status status="PASS" starttime="20220713 19:07:21.310" endtime="20220713 19:07:21.343"/>
</iter>
<iter>
<var name="${ele}">&lt;selenium.webdriver.remote.webelement.WebElement (session="aed8256aef1a4eedc66ecee4e09e887c", element="cb360c83-664e-48c1-b0d6-db519b8d19e3")&gt;</var>
<kw name="Get Text" library="SeleniumLibrary">
<var>${runtimelinks}</var>
<arg>${ele}</arg>
<doc>Returns the text value of the element identified by ``locator``.</doc>
<msg timestamp="20220713 19:07:21.370" level="INFO">${runtimelinks} = Creating Distributed Applications Using Pig and Hive on Hadoop</msg>
<status status="PASS" starttime="20220713 19:07:21.344" endtime="20220713 19:07:21.370"/>
</kw>
<kw name="Log To Console" library="BuiltIn">
<arg>${runtimelinks}</arg>
<doc>Logs the given message to the console.</doc>
<status status="PASS" starttime="20220713 19:07:21.371" endtime="20220713 19:07:21.372"/>
</kw>
<kw name="Exit For Loop If" library="BuiltIn">
<arg>"""${linkTextTovalidate}"""=="""${runtimelinks}"""</arg>
<doc>Stops executing the enclosing FOR loop if the ``condition`` is true.</doc>
<status status="PASS" starttime="20220713 19:07:21.372" endtime="20220713 19:07:21.373"/>
</kw>
<status status="PASS" starttime="20220713 19:07:21.343" endtime="20220713 19:07:21.374"/>
</iter>
<iter>
<var name="${ele}">&lt;selenium.webdriver.remote.webelement.WebElement (session="aed8256aef1a4eedc66ecee4e09e887c", element="cede2a40-7439-4e44-93cb-913ea70ed105")&gt;</var>
<kw name="Get Text" library="SeleniumLibrary">
<var>${runtimelinks}</var>
<arg>${ele}</arg>
<doc>Returns the text value of the element identified by ``locator``.</doc>
<msg timestamp="20220713 19:07:21.397" level="INFO">${runtimelinks} = Introduction to NoSQL Databases</msg>
<status status="PASS" starttime="20220713 19:07:21.375" endtime="20220713 19:07:21.397"/>
</kw>
<kw name="Log To Console" library="BuiltIn">
<arg>${runtimelinks}</arg>
<doc>Logs the given message to the console.</doc>
<status status="PASS" starttime="20220713 19:07:21.397" endtime="20220713 19:07:21.399"/>
</kw>
<kw name="Exit For Loop If" library="BuiltIn">
<arg>"""${linkTextTovalidate}"""=="""${runtimelinks}"""</arg>
<doc>Stops executing the enclosing FOR loop if the ``condition`` is true.</doc>
<status status="PASS" starttime="20220713 19:07:21.399" endtime="20220713 19:07:21.401"/>
</kw>
<status status="PASS" starttime="20220713 19:07:21.374" endtime="20220713 19:07:21.401"/>
</iter>
<iter>
<var name="${ele}">&lt;selenium.webdriver.remote.webelement.WebElement (session="aed8256aef1a4eedc66ecee4e09e887c", element="7fc90d78-d952-4ee9-b8d9-15f812fd56f7")&gt;</var>
<kw name="Get Text" library="SeleniumLibrary">
<var>${runtimelinks}</var>
<arg>${ele}</arg>
<doc>Returns the text value of the element identified by ``locator``.</doc>
<msg timestamp="20220713 19:07:21.427" level="INFO">${runtimelinks} = Spark for Big Data Processing</msg>
<status status="PASS" starttime="20220713 19:07:21.402" endtime="20220713 19:07:21.427"/>
</kw>
<kw name="Log To Console" library="BuiltIn">
<arg>${runtimelinks}</arg>
<doc>Logs the given message to the console.</doc>
<status status="PASS" starttime="20220713 19:07:21.427" endtime="20220713 19:07:21.428"/>
</kw>
<kw name="Exit For Loop If" library="BuiltIn">
<arg>"""${linkTextTovalidate}"""=="""${runtimelinks}"""</arg>
<doc>Stops executing the enclosing FOR loop if the ``condition`` is true.</doc>
<status status="PASS" starttime="20220713 19:07:21.429" endtime="20220713 19:07:21.430"/>
</kw>
<status status="PASS" starttime="20220713 19:07:21.401" endtime="20220713 19:07:21.431"/>
</iter>
<iter>
<var name="${ele}">&lt;selenium.webdriver.remote.webelement.WebElement (session="aed8256aef1a4eedc66ecee4e09e887c", element="342880d2-144a-4485-92e5-0fb017dd8682")&gt;</var>
<kw name="Get Text" library="SeleniumLibrary">
<var>${runtimelinks}</var>
<arg>${ele}</arg>
<doc>Returns the text value of the element identified by ``locator``.</doc>
<msg timestamp="20220713 19:07:21.454" level="INFO">${runtimelinks} = Learning Apache Kafka</msg>
<status status="PASS" starttime="20220713 19:07:21.432" endtime="20220713 19:07:21.454"/>
</kw>
<kw name="Log To Console" library="BuiltIn">
<arg>${runtimelinks}</arg>
<doc>Logs the given message to the console.</doc>
<status status="PASS" starttime="20220713 19:07:21.455" endtime="20220713 19:07:21.456"/>
</kw>
<kw name="Exit For Loop If" library="BuiltIn">
<arg>"""${linkTextTovalidate}"""=="""${runtimelinks}"""</arg>
<doc>Stops executing the enclosing FOR loop if the ``condition`` is true.</doc>
<status status="PASS" starttime="20220713 19:07:21.456" endtime="20220713 19:07:21.458"/>
</kw>
<status status="PASS" starttime="20220713 19:07:21.431" endtime="20220713 19:07:21.458"/>
</iter>
<iter>
<var name="${ele}">&lt;selenium.webdriver.remote.webelement.WebElement (session="aed8256aef1a4eedc66ecee4e09e887c", element="7daf471b-1b5a-4b1e-a3f5-babac66ff8ec")&gt;</var>
<kw name="Get Text" library="SeleniumLibrary">
<var>${runtimelinks}</var>
<arg>${ele}</arg>
<doc>Returns the text value of the element identified by ``locator``.</doc>
<msg timestamp="20220713 19:07:21.481" level="INFO">${runtimelinks} = Scala Programming Foundations</msg>
<status status="PASS" starttime="20220713 19:07:21.459" endtime="20220713 19:07:21.481"/>
</kw>
<kw name="Log To Console" library="BuiltIn">
<arg>${runtimelinks}</arg>
<doc>Logs the given message to the console.</doc>
<status status="PASS" starttime="20220713 19:07:21.481" endtime="20220713 19:07:21.482"/>
</kw>
<kw name="Exit For Loop If" library="BuiltIn">
<arg>"""${linkTextTovalidate}"""=="""${runtimelinks}"""</arg>
<doc>Stops executing the enclosing FOR loop if the ``condition`` is true.</doc>
<status status="PASS" starttime="20220713 19:07:21.483" endtime="20220713 19:07:21.484"/>
</kw>
<status status="PASS" starttime="20220713 19:07:21.459" endtime="20220713 19:07:21.484"/>
</iter>
<iter>
<var name="${ele}">&lt;selenium.webdriver.remote.webelement.WebElement (session="aed8256aef1a4eedc66ecee4e09e887c", element="557a0429-16ba-43d6-bd28-4514ea4db1a2")&gt;</var>
<kw name="Get Text" library="SeleniumLibrary">
<var>${runtimelinks}</var>
<arg>${ele}</arg>
<doc>Returns the text value of the element identified by ``locator``.</doc>
<msg timestamp="20220713 19:07:21.505" level="INFO">${runtimelinks} = Apache Storm Fundamentals</msg>
<status status="PASS" starttime="20220713 19:07:21.485" endtime="20220713 19:07:21.505"/>
</kw>
<kw name="Log To Console" library="BuiltIn">
<arg>${runtimelinks}</arg>
<doc>Logs the given message to the console.</doc>
<status status="PASS" starttime="20220713 19:07:21.506" endtime="20220713 19:07:21.506"/>
</kw>
<kw name="Exit For Loop If" library="BuiltIn">
<arg>"""${linkTextTovalidate}"""=="""${runtimelinks}"""</arg>
<doc>Stops executing the enclosing FOR loop if the ``condition`` is true.</doc>
<status status="PASS" starttime="20220713 19:07:21.507" endtime="20220713 19:07:21.508"/>
</kw>
<status status="PASS" starttime="20220713 19:07:21.485" endtime="20220713 19:07:21.508"/>
</iter>
<iter>
<var name="${ele}">&lt;selenium.webdriver.remote.webelement.WebElement (session="aed8256aef1a4eedc66ecee4e09e887c", element="6f8298a9-93d2-49fd-b921-caa0d62d1382")&gt;</var>
<kw name="Get Text" library="SeleniumLibrary">
<var>${runtimelinks}</var>
<arg>${ele}</arg>
<doc>Returns the text value of the element identified by ``locator``.</doc>
<msg timestamp="20220713 19:07:21.530" level="INFO">${runtimelinks} = Comprehensive Pig</msg>
<status status="PASS" starttime="20220713 19:07:21.509" endtime="20220713 19:07:21.530"/>
</kw>
<kw name="Log To Console" library="BuiltIn">
<arg>${runtimelinks}</arg>
<doc>Logs the given message to the console.</doc>
<status status="PASS" starttime="20220713 19:07:21.530" endtime="20220713 19:07:21.531"/>
</kw>
<kw name="Exit For Loop If" library="BuiltIn">
<arg>"""${linkTextTovalidate}"""=="""${runtimelinks}"""</arg>
<doc>Stops executing the enclosing FOR loop if the ``condition`` is true.</doc>
<status status="PASS" starttime="20220713 19:07:21.532" endtime="20220713 19:07:21.533"/>
</kw>
<status status="PASS" starttime="20220713 19:07:21.509" endtime="20220713 19:07:21.533"/>
</iter>
<iter>
<var name="${ele}">&lt;selenium.webdriver.remote.webelement.WebElement (session="aed8256aef1a4eedc66ecee4e09e887c", element="9c2d5507-a0e0-457a-b45b-6ebcfe369130")&gt;</var>
<kw name="Get Text" library="SeleniumLibrary">
<var>${runtimelinks}</var>
<arg>${ele}</arg>
<doc>Returns the text value of the element identified by ``locator``.</doc>
<msg timestamp="20220713 19:07:21.553" level="INFO">${runtimelinks} = Comprehensive Hive</msg>
<status status="PASS" starttime="20220713 19:07:21.534" endtime="20220713 19:07:21.553"/>
</kw>
<kw name="Log To Console" library="BuiltIn">
<arg>${runtimelinks}</arg>
<doc>Logs the given message to the console.</doc>
<status status="PASS" starttime="20220713 19:07:21.554" endtime="20220713 19:07:21.554"/>
</kw>
<kw name="Exit For Loop If" library="BuiltIn">
<arg>"""${linkTextTovalidate}"""=="""${runtimelinks}"""</arg>
<doc>Stops executing the enclosing FOR loop if the ``condition`` is true.</doc>
<status status="PASS" starttime="20220713 19:07:21.555" endtime="20220713 19:07:21.556"/>
</kw>
<status status="PASS" starttime="20220713 19:07:21.534" endtime="20220713 19:07:21.556"/>
</iter>
<iter>
<var name="${ele}">&lt;selenium.webdriver.remote.webelement.WebElement (session="aed8256aef1a4eedc66ecee4e09e887c", element="1cc71cfd-f206-48ce-9ee5-0ef45cc38cec")&gt;</var>
<kw name="Get Text" library="SeleniumLibrary">
<var>${runtimelinks}</var>
<arg>${ele}</arg>
<doc>Returns the text value of the element identified by ``locator``.</doc>
<msg timestamp="20220713 19:07:21.577" level="INFO">${runtimelinks} = Python Tools for Data Analysis and Visualization</msg>
<status status="PASS" starttime="20220713 19:07:21.557" endtime="20220713 19:07:21.577"/>
</kw>
<kw name="Log To Console" library="BuiltIn">
<arg>${runtimelinks}</arg>
<doc>Logs the given message to the console.</doc>
<status status="PASS" starttime="20220713 19:07:21.578" endtime="20220713 19:07:21.579"/>
</kw>
<kw name="Exit For Loop If" library="BuiltIn">
<arg>"""${linkTextTovalidate}"""=="""${runtimelinks}"""</arg>
<doc>Stops executing the enclosing FOR loop if the ``condition`` is true.</doc>
<status status="PASS" starttime="20220713 19:07:21.579" endtime="20220713 19:07:21.580"/>
</kw>
<status status="PASS" starttime="20220713 19:07:21.557" endtime="20220713 19:07:21.580"/>
</iter>
<iter>
<var name="${ele}">&lt;selenium.webdriver.remote.webelement.WebElement (session="aed8256aef1a4eedc66ecee4e09e887c", element="5dd4c551-bc7c-4186-a5c4-08d7c1d3cb98")&gt;</var>
<kw name="Get Text" library="SeleniumLibrary">
<var>${runtimelinks}</var>
<arg>${ele}</arg>
<doc>Returns the text value of the element identified by ``locator``.</doc>
<msg timestamp="20220713 19:07:21.600" level="INFO">${runtimelinks} = Data Visualization with Tableau</msg>
<status status="PASS" starttime="20220713 19:07:21.581" endtime="20220713 19:07:21.600"/>
</kw>
<kw name="Log To Console" library="BuiltIn">
<arg>${runtimelinks}</arg>
<doc>Logs the given message to the console.</doc>
<status status="PASS" starttime="20220713 19:07:21.601" endtime="20220713 19:07:21.601"/>
</kw>
<kw name="Exit For Loop If" library="BuiltIn">
<arg>"""${linkTextTovalidate}"""=="""${runtimelinks}"""</arg>
<doc>Stops executing the enclosing FOR loop if the ``condition`` is true.</doc>
<status status="PASS" starttime="20220713 19:07:21.602" endtime="20220713 19:07:21.603"/>
</kw>
<status status="PASS" starttime="20220713 19:07:21.581" endtime="20220713 19:07:21.603"/>
</iter>
<iter>
<var name="${ele}">&lt;selenium.webdriver.remote.webelement.WebElement (session="aed8256aef1a4eedc66ecee4e09e887c", element="216381c7-907d-48f4-917f-139692256776")&gt;</var>
<kw name="Get Text" library="SeleniumLibrary">
<var>${runtimelinks}</var>
<arg>${ele}</arg>
<doc>Returns the text value of the element identified by ``locator``.</doc>
<msg timestamp="20220713 19:07:21.626" level="INFO">${runtimelinks} = TIBCO Spotfire</msg>
<status status="PASS" starttime="20220713 19:07:21.604" endtime="20220713 19:07:21.626"/>
</kw>
<kw name="Log To Console" library="BuiltIn">
<arg>${runtimelinks}</arg>
<doc>Logs the given message to the console.</doc>
<status status="PASS" starttime="20220713 19:07:21.627" endtime="20220713 19:07:21.627"/>
</kw>
<kw name="Exit For Loop If" library="BuiltIn">
<arg>"""${linkTextTovalidate}"""=="""${runtimelinks}"""</arg>
<doc>Stops executing the enclosing FOR loop if the ``condition`` is true.</doc>
<status status="PASS" starttime="20220713 19:07:21.628" endtime="20220713 19:07:21.629"/>
</kw>
<status status="PASS" starttime="20220713 19:07:21.603" endtime="20220713 19:07:21.629"/>
</iter>
<iter>
<var name="${ele}">&lt;selenium.webdriver.remote.webelement.WebElement (session="aed8256aef1a4eedc66ecee4e09e887c", element="f9807544-386c-4ef9-a551-b8e213c1f03f")&gt;</var>
<kw name="Get Text" library="SeleniumLibrary">
<var>${runtimelinks}</var>
<arg>${ele}</arg>
<doc>Returns the text value of the element identified by ``locator``.</doc>
<msg timestamp="20220713 19:07:21.651" level="INFO">${runtimelinks} = Data Visualization with Qlikview</msg>
<status status="PASS" starttime="20220713 19:07:21.630" endtime="20220713 19:07:21.651"/>
</kw>
<kw name="Log To Console" library="BuiltIn">
<arg>${runtimelinks}</arg>
<doc>Logs the given message to the console.</doc>
<status status="PASS" starttime="20220713 19:07:21.652" endtime="20220713 19:07:21.653"/>
</kw>
<kw name="Exit For Loop If" library="BuiltIn">
<arg>"""${linkTextTovalidate}"""=="""${runtimelinks}"""</arg>
<doc>Stops executing the enclosing FOR loop if the ``condition`` is true.</doc>
<status status="PASS" starttime="20220713 19:07:21.653" endtime="20220713 19:07:21.654"/>
</kw>
<status status="PASS" starttime="20220713 19:07:21.630" endtime="20220713 19:07:21.654"/>
</iter>
<iter>
<var name="${ele}">&lt;selenium.webdriver.remote.webelement.WebElement (session="aed8256aef1a4eedc66ecee4e09e887c", element="64354620-5b30-42d0-a748-5cad9892c77a")&gt;</var>
<kw name="Get Text" library="SeleniumLibrary">
<var>${runtimelinks}</var>
<arg>${ele}</arg>
<doc>Returns the text value of the element identified by ``locator``.</doc>
<msg timestamp="20220713 19:07:21.675" level="INFO">${runtimelinks} = Data Science with Python</msg>
<status status="PASS" starttime="20220713 19:07:21.655" endtime="20220713 19:07:21.675"/>
</kw>
<kw name="Log To Console" library="BuiltIn">
<arg>${runtimelinks}</arg>
<doc>Logs the given message to the console.</doc>
<status status="PASS" starttime="20220713 19:07:21.676" endtime="20220713 19:07:21.677"/>
</kw>
<kw name="Exit For Loop If" library="BuiltIn">
<arg>"""${linkTextTovalidate}"""=="""${runtimelinks}"""</arg>
<doc>Stops executing the enclosing FOR loop if the ``condition`` is true.</doc>
<status status="PASS" starttime="20220713 19:07:21.677" endtime="20220713 19:07:21.678"/>
</kw>
<status status="PASS" starttime="20220713 19:07:21.655" endtime="20220713 19:07:21.679"/>
</iter>
<iter>
<var name="${ele}">&lt;selenium.webdriver.remote.webelement.WebElement (session="aed8256aef1a4eedc66ecee4e09e887c", element="40bdb66c-39f8-424e-b487-52c7a493cc6b")&gt;</var>
<kw name="Get Text" library="SeleniumLibrary">
<var>${runtimelinks}</var>
<arg>${ele}</arg>
<doc>Returns the text value of the element identified by ``locator``.</doc>
<msg timestamp="20220713 19:07:21.700" level="INFO">${runtimelinks} = Machine Learning with Python</msg>
<status status="PASS" starttime="20220713 19:07:21.679" endtime="20220713 19:07:21.700"/>
</kw>
<kw name="Log To Console" library="BuiltIn">
<arg>${runtimelinks}</arg>
<doc>Logs the given message to the console.</doc>
<status status="PASS" starttime="20220713 19:07:21.700" endtime="20220713 19:07:21.701"/>
</kw>
<kw name="Exit For Loop If" library="BuiltIn">
<arg>"""${linkTextTovalidate}"""=="""${runtimelinks}"""</arg>
<doc>Stops executing the enclosing FOR loop if the ``condition`` is true.</doc>
<status status="PASS" starttime="20220713 19:07:21.702" endtime="20220713 19:07:21.703"/>
</kw>
<status status="PASS" starttime="20220713 19:07:21.679" endtime="20220713 19:07:21.703"/>
</iter>
<iter>
<var name="${ele}">&lt;selenium.webdriver.remote.webelement.WebElement (session="aed8256aef1a4eedc66ecee4e09e887c", element="63cf674e-3950-4d44-b049-eb8b37f4aff2")&gt;</var>
<kw name="Get Text" library="SeleniumLibrary">
<var>${runtimelinks}</var>
<arg>${ele}</arg>
<doc>Returns the text value of the element identified by ``locator``.</doc>
<msg timestamp="20220713 19:07:21.727" level="INFO">${runtimelinks} = Data Science Using R</msg>
<status status="PASS" starttime="20220713 19:07:21.704" endtime="20220713 19:07:21.727"/>
</kw>
<kw name="Log To Console" library="BuiltIn">
<arg>${runtimelinks}</arg>
<doc>Logs the given message to the console.</doc>
<status status="PASS" starttime="20220713 19:07:21.727" endtime="20220713 19:07:21.728"/>
</kw>
<kw name="Exit For Loop If" library="BuiltIn">
<arg>"""${linkTextTovalidate}"""=="""${runtimelinks}"""</arg>
<doc>Stops executing the enclosing FOR loop if the ``condition`` is true.</doc>
<status status="PASS" starttime="20220713 19:07:21.728" endtime="20220713 19:07:21.729"/>
</kw>
<status status="PASS" starttime="20220713 19:07:21.704" endtime="20220713 19:07:21.730"/>
</iter>
<iter>
<var name="${ele}">&lt;selenium.webdriver.remote.webelement.WebElement (session="aed8256aef1a4eedc66ecee4e09e887c", element="1c4e805b-cfc9-4bc0-8e6e-2f4051ebf4ad")&gt;</var>
<kw name="Get Text" library="SeleniumLibrary">
<var>${runtimelinks}</var>
<arg>${ele}</arg>
<doc>Returns the text value of the element identified by ``locator``.</doc>
<msg timestamp="20220713 19:07:21.751" level="INFO">${runtimelinks} = Machine Learning using R</msg>
<status status="PASS" starttime="20220713 19:07:21.730" endtime="20220713 19:07:21.752"/>
</kw>
<kw name="Log To Console" library="BuiltIn">
<arg>${runtimelinks}</arg>
<doc>Logs the given message to the console.</doc>
<status status="PASS" starttime="20220713 19:07:21.752" endtime="20220713 19:07:21.753"/>
</kw>
<kw name="Exit For Loop If" library="BuiltIn">
<arg>"""${linkTextTovalidate}"""=="""${runtimelinks}"""</arg>
<doc>Stops executing the enclosing FOR loop if the ``condition`` is true.</doc>
<status status="PASS" starttime="20220713 19:07:21.753" endtime="20220713 19:07:21.754"/>
</kw>
<status status="PASS" starttime="20220713 19:07:21.730" endtime="20220713 19:07:21.754"/>
</iter>
<iter>
<var name="${ele}">&lt;selenium.webdriver.remote.webelement.WebElement (session="aed8256aef1a4eedc66ecee4e09e887c", element="dfbb1433-5993-4c61-9736-09dfd7b87522")&gt;</var>
<kw name="Get Text" library="SeleniumLibrary">
<var>${runtimelinks}</var>
<arg>${ele}</arg>
<doc>Returns the text value of the element identified by ``locator``.</doc>
<msg timestamp="20220713 19:07:21.774" level="INFO">${runtimelinks} = Foundations of Data Scraping</msg>
<status status="PASS" starttime="20220713 19:07:21.755" endtime="20220713 19:07:21.774"/>
</kw>
<kw name="Log To Console" library="BuiltIn">
<arg>${runtimelinks}</arg>
<doc>Logs the given message to the console.</doc>
<status status="PASS" starttime="20220713 19:07:21.774" endtime="20220713 19:07:21.775"/>
</kw>
<kw name="Exit For Loop If" library="BuiltIn">
<arg>"""${linkTextTovalidate}"""=="""${runtimelinks}"""</arg>
<doc>Stops executing the enclosing FOR loop if the ``condition`` is true.</doc>
<status status="PASS" starttime="20220713 19:07:21.775" endtime="20220713 19:07:21.776"/>
</kw>
<status status="PASS" starttime="20220713 19:07:21.755" endtime="20220713 19:07:21.777"/>
</iter>
<iter>
<var name="${ele}">&lt;selenium.webdriver.remote.webelement.WebElement (session="aed8256aef1a4eedc66ecee4e09e887c", element="0d9e3682-c7aa-449a-ad96-b7ed8366548e")&gt;</var>
<kw name="Get Text" library="SeleniumLibrary">
<var>${runtimelinks}</var>
<arg>${ele}</arg>
<doc>Returns the text value of the element identified by ``locator``.</doc>
<msg timestamp="20220713 19:07:21.799" level="INFO">${runtimelinks} = Machine Learning with Pig</msg>
<status status="PASS" starttime="20220713 19:07:21.778" endtime="20220713 19:07:21.799"/>
</kw>
<kw name="Log To Console" library="BuiltIn">
<arg>${runtimelinks}</arg>
<doc>Logs the given message to the console.</doc>
<status status="PASS" starttime="20220713 19:07:21.799" endtime="20220713 19:07:21.800"/>
</kw>
<kw name="Exit For Loop If" library="BuiltIn">
<arg>"""${linkTextTovalidate}"""=="""${runtimelinks}"""</arg>
<doc>Stops executing the enclosing FOR loop if the ``condition`` is true.</doc>
<status status="PASS" starttime="20220713 19:07:21.800" endtime="20220713 19:07:21.801"/>
</kw>
<status status="PASS" starttime="20220713 19:07:21.777" endtime="20220713 19:07:21.802"/>
</iter>
<iter>
<var name="${ele}">&lt;selenium.webdriver.remote.webelement.WebElement (session="aed8256aef1a4eedc66ecee4e09e887c", element="c5b2a814-8c14-438f-a98b-a87eda702086")&gt;</var>
<kw name="Get Text" library="SeleniumLibrary">
<var>${runtimelinks}</var>
<arg>${ele}</arg>
<doc>Returns the text value of the element identified by ``locator``.</doc>
<msg timestamp="20220713 19:07:21.826" level="INFO">${runtimelinks} = Introduction to Machine Learning</msg>
<status status="PASS" starttime="20220713 19:07:21.803" endtime="20220713 19:07:21.827"/>
</kw>
<kw name="Log To Console" library="BuiltIn">
<arg>${runtimelinks}</arg>
<doc>Logs the given message to the console.</doc>
<status status="PASS" starttime="20220713 19:07:21.827" endtime="20220713 19:07:21.828"/>
</kw>
<kw name="Exit For Loop If" library="BuiltIn">
<arg>"""${linkTextTovalidate}"""=="""${runtimelinks}"""</arg>
<doc>Stops executing the enclosing FOR loop if the ``condition`` is true.</doc>
<status status="PASS" starttime="20220713 19:07:21.828" endtime="20220713 19:07:21.829"/>
</kw>
<status status="PASS" starttime="20220713 19:07:21.802" endtime="20220713 19:07:21.829"/>
</iter>
<iter>
<var name="${ele}">&lt;selenium.webdriver.remote.webelement.WebElement (session="aed8256aef1a4eedc66ecee4e09e887c", element="23901e5e-4071-4d39-abcf-33d0e83d180d")&gt;</var>
<kw name="Get Text" library="SeleniumLibrary">
<var>${runtimelinks}</var>
<arg>${ele}</arg>
<doc>Returns the text value of the element identified by ``locator``.</doc>
<msg timestamp="20220713 19:07:21.852" level="INFO">${runtimelinks} = Introduction to Neural Networks and Deep Learning</msg>
<status status="PASS" starttime="20220713 19:07:21.830" endtime="20220713 19:07:21.852"/>
</kw>
<kw name="Log To Console" library="BuiltIn">
<arg>${runtimelinks}</arg>
<doc>Logs the given message to the console.</doc>
<status status="PASS" starttime="20220713 19:07:21.852" endtime="20220713 19:07:21.853"/>
</kw>
<kw name="Exit For Loop If" library="BuiltIn">
<arg>"""${linkTextTovalidate}"""=="""${runtimelinks}"""</arg>
<doc>Stops executing the enclosing FOR loop if the ``condition`` is true.</doc>
<status status="PASS" starttime="20220713 19:07:21.853" endtime="20220713 19:07:21.855"/>
</kw>
<status status="PASS" starttime="20220713 19:07:21.830" endtime="20220713 19:07:21.855"/>
</iter>
<iter>
<var name="${ele}">&lt;selenium.webdriver.remote.webelement.WebElement (session="aed8256aef1a4eedc66ecee4e09e887c", element="87879e45-5a62-4857-9c7f-59103f5dbbdf")&gt;</var>
<kw name="Get Text" library="SeleniumLibrary">
<var>${runtimelinks}</var>
<arg>${ele}</arg>
<doc>Returns the text value of the element identified by ``locator``.</doc>
<msg timestamp="20220713 19:07:21.876" level="INFO">${runtimelinks} = Machine Learning Concepts</msg>
<status status="PASS" starttime="20220713 19:07:21.856" endtime="20220713 19:07:21.876"/>
</kw>
<kw name="Log To Console" library="BuiltIn">
<arg>${runtimelinks}</arg>
<doc>Logs the given message to the console.</doc>
<status status="PASS" starttime="20220713 19:07:21.877" endtime="20220713 19:07:21.878"/>
</kw>
<kw name="Exit For Loop If" library="BuiltIn">
<arg>"""${linkTextTovalidate}"""=="""${runtimelinks}"""</arg>
<doc>Stops executing the enclosing FOR loop if the ``condition`` is true.</doc>
<status status="PASS" starttime="20220713 19:07:21.878" endtime="20220713 19:07:21.879"/>
</kw>
<status status="PASS" starttime="20220713 19:07:21.855" endtime="20220713 19:07:21.879"/>
</iter>
<iter>
<var name="${ele}">&lt;selenium.webdriver.remote.webelement.WebElement (session="aed8256aef1a4eedc66ecee4e09e887c", element="ead55b90-cb53-49cf-999c-867b0a5150a0")&gt;</var>
<kw name="Get Text" library="SeleniumLibrary">
<var>${runtimelinks}</var>
<arg>${ele}</arg>
<doc>Returns the text value of the element identified by ``locator``.</doc>
<msg timestamp="20220713 19:07:21.900" level="INFO">${runtimelinks} = Introduction to Linux</msg>
<status status="PASS" starttime="20220713 19:07:21.880" endtime="20220713 19:07:21.900"/>
</kw>
<kw name="Log To Console" library="BuiltIn">
<arg>${runtimelinks}</arg>
<doc>Logs the given message to the console.</doc>
<status status="PASS" starttime="20220713 19:07:21.901" endtime="20220713 19:07:21.902"/>
</kw>
<kw name="Exit For Loop If" library="BuiltIn">
<arg>"""${linkTextTovalidate}"""=="""${runtimelinks}"""</arg>
<doc>Stops executing the enclosing FOR loop if the ``condition`` is true.</doc>
<status status="PASS" starttime="20220713 19:07:21.902" endtime="20220713 19:07:21.904"/>
</kw>
<status status="PASS" starttime="20220713 19:07:21.879" endtime="20220713 19:07:21.904"/>
</iter>
<iter>
<var name="${ele}">&lt;selenium.webdriver.remote.webelement.WebElement (session="aed8256aef1a4eedc66ecee4e09e887c", element="099aaa05-e066-4c7f-89a6-3b3a0e6cb3f6")&gt;</var>
<kw name="Get Text" library="SeleniumLibrary">
<var>${runtimelinks}</var>
<arg>${ele}</arg>
<doc>Returns the text value of the element identified by ``locator``.</doc>
<msg timestamp="20220713 19:07:21.926" level="INFO">${runtimelinks} = Linux Workstation: Installing, Customizing, and Securing</msg>
<status status="PASS" starttime="20220713 19:07:21.905" endtime="20220713 19:07:21.926"/>
</kw>
<kw name="Log To Console" library="BuiltIn">
<arg>${runtimelinks}</arg>
<doc>Logs the given message to the console.</doc>
<status status="PASS" starttime="20220713 19:07:21.926" endtime="20220713 19:07:21.927"/>
</kw>
<kw name="Exit For Loop If" library="BuiltIn">
<arg>"""${linkTextTovalidate}"""=="""${runtimelinks}"""</arg>
<doc>Stops executing the enclosing FOR loop if the ``condition`` is true.</doc>
<status status="PASS" starttime="20220713 19:07:21.928" endtime="20220713 19:07:21.929"/>
</kw>
<status status="PASS" starttime="20220713 19:07:21.904" endtime="20220713 19:07:21.929"/>
</iter>
<iter>
<var name="${ele}">&lt;selenium.webdriver.remote.webelement.WebElement (session="aed8256aef1a4eedc66ecee4e09e887c", element="0f519f08-5404-456b-9697-4e382bd94e98")&gt;</var>
<kw name="Get Text" library="SeleniumLibrary">
<var>${runtimelinks}</var>
<arg>${ele}</arg>
<doc>Returns the text value of the element identified by ``locator``.</doc>
<msg timestamp="20220713 19:07:21.974" level="INFO">${runtimelinks} = Linux Network Server: Installing, Setup, and Securing</msg>
<status status="PASS" starttime="20220713 19:07:21.930" endtime="20220713 19:07:21.974"/>
</kw>
<kw name="Log To Console" library="BuiltIn">
<arg>${runtimelinks}</arg>
<doc>Logs the given message to the console.</doc>
<status status="PASS" starttime="20220713 19:07:21.974" endtime="20220713 19:07:21.975"/>
</kw>
<kw name="Exit For Loop If" library="BuiltIn">
<arg>"""${linkTextTovalidate}"""=="""${runtimelinks}"""</arg>
<doc>Stops executing the enclosing FOR loop if the ``condition`` is true.</doc>
<status status="PASS" starttime="20220713 19:07:21.976" endtime="20220713 19:07:21.977"/>
</kw>
<status status="PASS" starttime="20220713 19:07:21.930" endtime="20220713 19:07:21.977"/>
</iter>
<iter>
<var name="${ele}">&lt;selenium.webdriver.remote.webelement.WebElement (session="aed8256aef1a4eedc66ecee4e09e887c", element="e5026563-81ba-4c3b-a4f2-bafd27f17b49")&gt;</var>
<kw name="Get Text" library="SeleniumLibrary">
<var>${runtimelinks}</var>
<arg>${ele}</arg>
<doc>Returns the text value of the element identified by ``locator``.</doc>
<msg timestamp="20220713 19:07:22.000" level="INFO">${runtimelinks} = Red Hat Linux Boot Camp</msg>
<status status="PASS" starttime="20220713 19:07:21.978" endtime="20220713 19:07:22.000"/>
</kw>
<kw name="Log To Console" library="BuiltIn">
<arg>${runtimelinks}</arg>
<doc>Logs the given message to the console.</doc>
<status status="PASS" starttime="20220713 19:07:22.001" endtime="20220713 19:07:22.001"/>
</kw>
<kw name="Exit For Loop If" library="BuiltIn">
<arg>"""${linkTextTovalidate}"""=="""${runtimelinks}"""</arg>
<doc>Stops executing the enclosing FOR loop if the ``condition`` is true.</doc>
<status status="PASS" starttime="20220713 19:07:22.002" endtime="20220713 19:07:22.003"/>
</kw>
<status status="PASS" starttime="20220713 19:07:21.978" endtime="20220713 19:07:22.003"/>
</iter>
<iter>
<var name="${ele}">&lt;selenium.webdriver.remote.webelement.WebElement (session="aed8256aef1a4eedc66ecee4e09e887c", element="959e01cd-877b-45b4-8a4e-8f2bfd70578d")&gt;</var>
<kw name="Get Text" library="SeleniumLibrary">
<var>${runtimelinks}</var>
<arg>${ele}</arg>
<doc>Returns the text value of the element identified by ``locator``.</doc>
<msg timestamp="20220713 19:07:22.026" level="INFO">${runtimelinks} = Introduction to UNIX</msg>
<status status="PASS" starttime="20220713 19:07:22.004" endtime="20220713 19:07:22.027"/>
</kw>
<kw name="Log To Console" library="BuiltIn">
<arg>${runtimelinks}</arg>
<doc>Logs the given message to the console.</doc>
<status status="PASS" starttime="20220713 19:07:22.027" endtime="20220713 19:07:22.028"/>
</kw>
<kw name="Exit For Loop If" library="BuiltIn">
<arg>"""${linkTextTovalidate}"""=="""${runtimelinks}"""</arg>
<doc>Stops executing the enclosing FOR loop if the ``condition`` is true.</doc>
<status status="PASS" starttime="20220713 19:07:22.028" endtime="20220713 19:07:22.029"/>
</kw>
<status status="PASS" starttime="20220713 19:07:22.004" endtime="20220713 19:07:22.030"/>
</iter>
<iter>
<var name="${ele}">&lt;selenium.webdriver.remote.webelement.WebElement (session="aed8256aef1a4eedc66ecee4e09e887c", element="eed23a77-62fb-4539-93ba-2f9865f44633")&gt;</var>
<kw name="Get Text" library="SeleniumLibrary">
<var>${runtimelinks}</var>
<arg>${ele}</arg>
<doc>Returns the text value of the element identified by ``locator``.</doc>
<msg timestamp="20220713 19:07:22.051" level="INFO">${runtimelinks} = Mastering UNIX</msg>
<status status="PASS" starttime="20220713 19:07:22.030" endtime="20220713 19:07:22.051"/>
</kw>
<kw name="Log To Console" library="BuiltIn">
<arg>${runtimelinks}</arg>
<doc>Logs the given message to the console.</doc>
<status status="PASS" starttime="20220713 19:07:22.052" endtime="20220713 19:07:22.053"/>
</kw>
<kw name="Exit For Loop If" library="BuiltIn">
<arg>"""${linkTextTovalidate}"""=="""${runtimelinks}"""</arg>
<doc>Stops executing the enclosing FOR loop if the ``condition`` is true.</doc>
<status status="PASS" starttime="20220713 19:07:22.053" endtime="20220713 19:07:22.055"/>
</kw>
<status status="PASS" starttime="20220713 19:07:22.030" endtime="20220713 19:07:22.055"/>
</iter>
<iter>
<var name="${ele}">&lt;selenium.webdriver.remote.webelement.WebElement (session="aed8256aef1a4eedc66ecee4e09e887c", element="7d6629b9-79d2-40af-9388-bf9681f2b771")&gt;</var>
<kw name="Get Text" library="SeleniumLibrary">
<var>${runtimelinks}</var>
<arg>${ele}</arg>
<doc>Returns the text value of the element identified by ``locator``.</doc>
<msg timestamp="20220713 19:07:22.077" level="INFO">${runtimelinks} = Scripting/ Programming Languages</msg>
<status status="PASS" starttime="20220713 19:07:22.056" endtime="20220713 19:07:22.077"/>
</kw>
<kw name="Log To Console" library="BuiltIn">
<arg>${runtimelinks}</arg>
<doc>Logs the given message to the console.</doc>
<status status="PASS" starttime="20220713 19:07:22.078" endtime="20220713 19:07:22.079"/>
</kw>
<kw name="Exit For Loop If" library="BuiltIn">
<arg>"""${linkTextTovalidate}"""=="""${runtimelinks}"""</arg>
<doc>Stops executing the enclosing FOR loop if the ``condition`` is true.</doc>
<status status="PASS" starttime="20220713 19:07:22.079" endtime="20220713 19:07:22.081"/>
</kw>
<status status="PASS" starttime="20220713 19:07:22.056" endtime="20220713 19:07:22.081"/>
</iter>
<iter>
<var name="${ele}">&lt;selenium.webdriver.remote.webelement.WebElement (session="aed8256aef1a4eedc66ecee4e09e887c", element="5a88edef-d419-42c7-a6fc-abedb090043e")&gt;</var>
<kw name="Get Text" library="SeleniumLibrary">
<var>${runtimelinks}</var>
<arg>${ele}</arg>
<doc>Returns the text value of the element identified by ``locator``.</doc>
<msg timestamp="20220713 19:07:22.103" level="INFO">${runtimelinks} = Python Programming Essentials</msg>
<status status="PASS" starttime="20220713 19:07:22.082" endtime="20220713 19:07:22.104"/>
</kw>
<kw name="Log To Console" library="BuiltIn">
<arg>${runtimelinks}</arg>
<doc>Logs the given message to the console.</doc>
<status status="PASS" starttime="20220713 19:07:22.104" endtime="20220713 19:07:22.105"/>
</kw>
<kw name="Exit For Loop If" library="BuiltIn">
<arg>"""${linkTextTovalidate}"""=="""${runtimelinks}"""</arg>
<doc>Stops executing the enclosing FOR loop if the ``condition`` is true.</doc>
<status status="PASS" starttime="20220713 19:07:22.106" endtime="20220713 19:07:22.108"/>
</kw>
<status status="PASS" starttime="20220713 19:07:22.082" endtime="20220713 19:07:22.108"/>
</iter>
<iter>
<var name="${ele}">&lt;selenium.webdriver.remote.webelement.WebElement (session="aed8256aef1a4eedc66ecee4e09e887c", element="3c242dab-4991-4fc7-bb07-ac1ba75c0a50")&gt;</var>
<kw name="Get Text" library="SeleniumLibrary">
<var>${runtimelinks}</var>
<arg>${ele}</arg>
<doc>Returns the text value of the element identified by ``locator``.</doc>
<msg timestamp="20220713 19:07:22.130" level="INFO">${runtimelinks} = Advanced Python Programming</msg>
<status status="PASS" starttime="20220713 19:07:22.109" endtime="20220713 19:07:22.130"/>
</kw>
<kw name="Log To Console" library="BuiltIn">
<arg>${runtimelinks}</arg>
<doc>Logs the given message to the console.</doc>
<status status="PASS" starttime="20220713 19:07:22.130" endtime="20220713 19:07:22.131"/>
</kw>
<kw name="Exit For Loop If" library="BuiltIn">
<arg>"""${linkTextTovalidate}"""=="""${runtimelinks}"""</arg>
<doc>Stops executing the enclosing FOR loop if the ``condition`` is true.</doc>
<status status="PASS" starttime="20220713 19:07:22.132" endtime="20220713 19:07:22.133"/>
</kw>
<status status="PASS" starttime="20220713 19:07:22.108" endtime="20220713 19:07:22.133"/>
</iter>
<iter>
<var name="${ele}">&lt;selenium.webdriver.remote.webelement.WebElement (session="aed8256aef1a4eedc66ecee4e09e887c", element="8e7d3608-61e7-44bb-8c70-f40f5f73d803")&gt;</var>
<kw name="Get Text" library="SeleniumLibrary">
<var>${runtimelinks}</var>
<arg>${ele}</arg>
<doc>Returns the text value of the element identified by ``locator``.</doc>
<msg timestamp="20220713 19:07:22.158" level="INFO">${runtimelinks} = Shell Programming</msg>
<status status="PASS" starttime="20220713 19:07:22.135" endtime="20220713 19:07:22.158"/>
</kw>
<kw name="Log To Console" library="BuiltIn">
<arg>${runtimelinks}</arg>
<doc>Logs the given message to the console.</doc>
<status status="PASS" starttime="20220713 19:07:22.159" endtime="20220713 19:07:22.160"/>
</kw>
<kw name="Exit For Loop If" library="BuiltIn">
<arg>"""${linkTextTovalidate}"""=="""${runtimelinks}"""</arg>
<doc>Stops executing the enclosing FOR loop if the ``condition`` is true.</doc>
<status status="PASS" starttime="20220713 19:07:22.160" endtime="20220713 19:07:22.162"/>
</kw>
<status status="PASS" starttime="20220713 19:07:22.134" endtime="20220713 19:07:22.162"/>
</iter>
<iter>
<var name="${ele}">&lt;selenium.webdriver.remote.webelement.WebElement (session="aed8256aef1a4eedc66ecee4e09e887c", element="c75358f7-9333-42ba-989f-7c8207721628")&gt;</var>
<kw name="Get Text" library="SeleniumLibrary">
<var>${runtimelinks}</var>
<arg>${ele}</arg>
<doc>Returns the text value of the element identified by ``locator``.</doc>
<msg timestamp="20220713 19:07:22.187" level="INFO">${runtimelinks} = PowerShell for Managing Windows Servers and Workstations</msg>
<status status="PASS" starttime="20220713 19:07:22.163" endtime="20220713 19:07:22.187"/>
</kw>
<kw name="Log To Console" library="BuiltIn">
<arg>${runtimelinks}</arg>
<doc>Logs the given message to the console.</doc>
<status status="PASS" starttime="20220713 19:07:22.187" endtime="20220713 19:07:22.188"/>
</kw>
<kw name="Exit For Loop If" library="BuiltIn">
<arg>"""${linkTextTovalidate}"""=="""${runtimelinks}"""</arg>
<doc>Stops executing the enclosing FOR loop if the ``condition`` is true.</doc>
<status status="PASS" starttime="20220713 19:07:22.188" endtime="20220713 19:07:22.190"/>
</kw>
<status status="PASS" starttime="20220713 19:07:22.162" endtime="20220713 19:07:22.190"/>
</iter>
<iter>
<var name="${ele}">&lt;selenium.webdriver.remote.webelement.WebElement (session="aed8256aef1a4eedc66ecee4e09e887c", element="bb285fcc-23d1-4f04-9cd1-7cba8e6c3979")&gt;</var>
<kw name="Get Text" library="SeleniumLibrary">
<var>${runtimelinks}</var>
<arg>${ele}</arg>
<doc>Returns the text value of the element identified by ``locator``.</doc>
<msg timestamp="20220713 19:07:22.214" level="INFO">${runtimelinks} = Ruby Deepdive</msg>
<status status="PASS" starttime="20220713 19:07:22.191" endtime="20220713 19:07:22.214"/>
</kw>
<kw name="Log To Console" library="BuiltIn">
<arg>${runtimelinks}</arg>
<doc>Logs the given message to the console.</doc>
<status status="PASS" starttime="20220713 19:07:22.215" endtime="20220713 19:07:22.216"/>
</kw>
<kw name="Exit For Loop If" library="BuiltIn">
<arg>"""${linkTextTovalidate}"""=="""${runtimelinks}"""</arg>
<doc>Stops executing the enclosing FOR loop if the ``condition`` is true.</doc>
<status status="PASS" starttime="20220713 19:07:22.216" endtime="20220713 19:07:22.217"/>
</kw>
<status status="PASS" starttime="20220713 19:07:22.190" endtime="20220713 19:07:22.218"/>
</iter>
<iter>
<var name="${ele}">&lt;selenium.webdriver.remote.webelement.WebElement (session="aed8256aef1a4eedc66ecee4e09e887c", element="5e34946d-f469-4b07-bde7-658c1c291219")&gt;</var>
<kw name="Get Text" library="SeleniumLibrary">
<var>${runtimelinks}</var>
<arg>${ele}</arg>
<doc>Returns the text value of the element identified by ``locator``.</doc>
<msg timestamp="20220713 19:07:22.239" level="INFO">${runtimelinks} = Kotlin Fundamentals</msg>
<status status="PASS" starttime="20220713 19:07:22.219" endtime="20220713 19:07:22.239"/>
</kw>
<kw name="Log To Console" library="BuiltIn">
<arg>${runtimelinks}</arg>
<doc>Logs the given message to the console.</doc>
<status status="PASS" starttime="20220713 19:07:22.239" endtime="20220713 19:07:22.240"/>
</kw>
<kw name="Exit For Loop If" library="BuiltIn">
<arg>"""${linkTextTovalidate}"""=="""${runtimelinks}"""</arg>
<doc>Stops executing the enclosing FOR loop if the ``condition`` is true.</doc>
<status status="PASS" starttime="20220713 19:07:22.241" endtime="20220713 19:07:22.242"/>
</kw>
<status status="PASS" starttime="20220713 19:07:22.218" endtime="20220713 19:07:22.242"/>
</iter>
<iter>
<var name="${ele}">&lt;selenium.webdriver.remote.webelement.WebElement (session="aed8256aef1a4eedc66ecee4e09e887c", element="70da77bd-9c70-415d-8c5a-fd1f7d87199a")&gt;</var>
<kw name="Get Text" library="SeleniumLibrary">
<var>${runtimelinks}</var>
<arg>${ele}</arg>
<doc>Returns the text value of the element identified by ``locator``.</doc>
<msg timestamp="20220713 19:07:22.267" level="INFO">${runtimelinks} = C#</msg>
<status status="PASS" starttime="20220713 19:07:22.243" endtime="20220713 19:07:22.267"/>
</kw>
<kw name="Log To Console" library="BuiltIn">
<arg>${runtimelinks}</arg>
<doc>Logs the given message to the console.</doc>
<status status="PASS" starttime="20220713 19:07:22.267" endtime="20220713 19:07:22.268"/>
</kw>
<kw name="Exit For Loop If" library="BuiltIn">
<arg>"""${linkTextTovalidate}"""=="""${runtimelinks}"""</arg>
<doc>Stops executing the enclosing FOR loop if the ``condition`` is true.</doc>
<status status="PASS" starttime="20220713 19:07:22.268" endtime="20220713 19:07:22.270"/>
</kw>
<status status="PASS" starttime="20220713 19:07:22.243" endtime="20220713 19:07:22.270"/>
</iter>
<iter>
<var name="${ele}">&lt;selenium.webdriver.remote.webelement.WebElement (session="aed8256aef1a4eedc66ecee4e09e887c", element="7ded2782-5b0e-43db-9950-7e829366e974")&gt;</var>
<kw name="Get Text" library="SeleniumLibrary">
<var>${runtimelinks}</var>
<arg>${ele}</arg>
<doc>Returns the text value of the element identified by ``locator``.</doc>
<msg timestamp="20220713 19:07:22.293" level="INFO">${runtimelinks} = Oracle Database &amp; PL/SQL</msg>
<status status="PASS" starttime="20220713 19:07:22.271" endtime="20220713 19:07:22.293"/>
</kw>
<kw name="Log To Console" library="BuiltIn">
<arg>${runtimelinks}</arg>
<doc>Logs the given message to the console.</doc>
<status status="PASS" starttime="20220713 19:07:22.294" endtime="20220713 19:07:22.295"/>
</kw>
<kw name="Exit For Loop If" library="BuiltIn">
<arg>"""${linkTextTovalidate}"""=="""${runtimelinks}"""</arg>
<doc>Stops executing the enclosing FOR loop if the ``condition`` is true.</doc>
<status status="PASS" starttime="20220713 19:07:22.295" endtime="20220713 19:07:22.296"/>
</kw>
<status status="PASS" starttime="20220713 19:07:22.270" endtime="20220713 19:07:22.297"/>
</iter>
<iter>
<var name="${ele}">&lt;selenium.webdriver.remote.webelement.WebElement (session="aed8256aef1a4eedc66ecee4e09e887c", element="e3ec6698-f943-4f43-824d-ea7565d7b067")&gt;</var>
<kw name="Get Text" library="SeleniumLibrary">
<var>${runtimelinks}</var>
<arg>${ele}</arg>
<doc>Returns the text value of the element identified by ``locator``.</doc>
<msg timestamp="20220713 19:07:22.324" level="INFO">${runtimelinks} = MySQL Fundamentals</msg>
<status status="PASS" starttime="20220713 19:07:22.298" endtime="20220713 19:07:22.324"/>
</kw>
<kw name="Log To Console" library="BuiltIn">
<arg>${runtimelinks}</arg>
<doc>Logs the given message to the console.</doc>
<status status="PASS" starttime="20220713 19:07:22.324" endtime="20220713 19:07:22.325"/>
</kw>
<kw name="Exit For Loop If" library="BuiltIn">
<arg>"""${linkTextTovalidate}"""=="""${runtimelinks}"""</arg>
<doc>Stops executing the enclosing FOR loop if the ``condition`` is true.</doc>
<status status="PASS" starttime="20220713 19:07:22.325" endtime="20220713 19:07:22.327"/>
</kw>
<status status="PASS" starttime="20220713 19:07:22.297" endtime="20220713 19:07:22.327"/>
</iter>
<iter>
<var name="${ele}">&lt;selenium.webdriver.remote.webelement.WebElement (session="aed8256aef1a4eedc66ecee4e09e887c", element="b14ac398-a460-4a58-a0df-cf5228096413")&gt;</var>
<kw name="Get Text" library="SeleniumLibrary">
<var>${runtimelinks}</var>
<arg>${ele}</arg>
<doc>Returns the text value of the element identified by ``locator``.</doc>
[...]
</kw>
<kw name="Exit For Loop If" library="BuiltIn">
<arg>"""${linkTextTovalidate}"""=="""${runtimelinks}"""</arg>
<doc>Stops executing the enclosing FOR loop if the ``condition`` is true.</doc>
<status status="PASS" starttime="20220713 19:07:23.817" endtime="20220713 19:07:23.818"/>
</kw>
<status status="PASS" starttime="20220713 19:07:23.795" endtime="20220713 19:07:23.818"/>
</iter>
<iter>
<var name="${ele}">&lt;selenium.webdriver.remote.webelement.WebElement (session="aed8256aef1a4eedc66ecee4e09e887c", element="2c3c06e3-4645-4243-b0c2-a57c0b2bf5cc")&gt;</var>
<kw name="Get Text" library="SeleniumLibrary">
<var>${runtimelinks}</var>
<arg>${ele}</arg>
<doc>Returns the text value of the element identified by ``locator``.</doc>
<msg timestamp="20220713 19:07:23.840" level="INFO">${runtimelinks} = Planning and Designing Databases on AWS</msg>
<status status="PASS" starttime="20220713 19:07:23.819" endtime="20220713 19:07:23.841"/>
</kw>
<kw name="Log To Console" library="BuiltIn">
<arg>${runtimelinks}</arg>
<doc>Logs the given message to the console.</doc>
<status status="PASS" starttime="20220713 19:07:23.841" endtime="20220713 19:07:23.842"/>
</kw>
<kw name="Exit For Loop If" library="BuiltIn">
<arg>"""${linkTextTovalidate}"""=="""${runtimelinks}"""</arg>
<doc>Stops executing the enclosing FOR loop if the ``condition`` is true.</doc>
<status status="PASS" starttime="20220713 19:07:23.842" endtime="20220713 19:07:23.843"/>
</kw>
<status status="PASS" starttime="20220713 19:07:23.818" endtime="20220713 19:07:23.843"/>
</iter>
<iter>
<var name="${ele}">&lt;selenium.webdriver.remote.webelement.WebElement (session="aed8256aef1a4eedc66ecee4e09e887c", element="1b0f4ec3-8889-46f3-8e8e-71e7ed23a7bd")&gt;</var>
<kw name="Get Text" library="SeleniumLibrary">
<var>${runtimelinks}</var>
<arg>${ele}</arg>
<doc>Returns the text value of the element identified by ``locator``.</doc>
<msg timestamp="20220713 19:07:23.864" level="INFO">${runtimelinks} = Video Streaming Essentials for AWS Media Services</msg>
<status status="PASS" starttime="20220713 19:07:23.844" endtime="20220713 19:07:23.864"/>
</kw>
<kw name="Log To Console" library="BuiltIn">
<arg>${runtimelinks}</arg>
<doc>Logs the given message to the console.</doc>
<status status="PASS" starttime="20220713 19:07:23.865" endtime="20220713 19:07:23.866"/>
</kw>
<kw name="Exit For Loop If" library="BuiltIn">
<arg>"""${linkTextTovalidate}"""=="""${runtimelinks}"""</arg>
<doc>Stops executing the enclosing FOR loop if the ``condition`` is true.</doc>
<status status="PASS" starttime="20220713 19:07:23.866" endtime="20220713 19:07:23.867"/>
</kw>
<status status="PASS" starttime="20220713 19:07:23.843" endtime="20220713 19:07:23.867"/>
</iter>
<iter>
<var name="${ele}">&lt;selenium.webdriver.remote.webelement.WebElement (session="aed8256aef1a4eedc66ecee4e09e887c", element="7988e007-25a1-45f3-a21f-d3775a4572d2")&gt;</var>
<kw name="Get Text" library="SeleniumLibrary">
<var>${runtimelinks}</var>
<arg>${ele}</arg>
<doc>Returns the text value of the element identified by ``locator``.</doc>
<msg timestamp="20220713 19:07:23.889" level="INFO">${runtimelinks} = Migrating to AWS</msg>
<status status="PASS" starttime="20220713 19:07:23.868" endtime="20220713 19:07:23.889"/>
</kw>
<kw name="Log To Console" library="BuiltIn">
<arg>${runtimelinks}</arg>
<doc>Logs the given message to the console.</doc>
<status status="PASS" starttime="20220713 19:07:23.889" endtime="20220713 19:07:23.892"/>
</kw>
<kw name="Exit For Loop If" library="BuiltIn">
<arg>"""${linkTextTovalidate}"""=="""${runtimelinks}"""</arg>
<doc>Stops executing the enclosing FOR loop if the ``condition`` is true.</doc>
<status status="PASS" starttime="20220713 19:07:23.892" endtime="20220713 19:07:23.895"/>
</kw>
<status status="PASS" starttime="20220713 19:07:23.868" endtime="20220713 19:07:23.895"/>
</iter>
<iter>
<var name="${ele}">&lt;selenium.webdriver.remote.webelement.WebElement (session="aed8256aef1a4eedc66ecee4e09e887c", element="a4c76e33-12ae-4ac6-9ba5-15e7a0efd6f3")&gt;</var>
<kw name="Get Text" library="SeleniumLibrary">
<var>${runtimelinks}</var>
<arg>${ele}</arg>
<doc>Returns the text value of the element identified by ``locator``.</doc>
<msg timestamp="20220713 19:07:23.921" level="INFO">${runtimelinks} = AWS Security</msg>
<status status="PASS" starttime="20220713 19:07:23.896" endtime="20220713 19:07:23.921"/>
</kw>
<kw name="Log To Console" library="BuiltIn">
<arg>${runtimelinks}</arg>
<doc>Logs the given message to the console.</doc>
<status status="PASS" starttime="20220713 19:07:23.922" endtime="20220713 19:07:23.922"/>
</kw>
<kw name="Exit For Loop If" library="BuiltIn">
<arg>"""${linkTextTovalidate}"""=="""${runtimelinks}"""</arg>
<doc>Stops executing the enclosing FOR loop if the ``condition`` is true.</doc>
<status status="PASS" starttime="20220713 19:07:23.923" endtime="20220713 19:07:23.924"/>
</kw>
<status status="PASS" starttime="20220713 19:07:23.895" endtime="20220713 19:07:23.924"/>
</iter>
<iter>
<var name="${ele}">&lt;selenium.webdriver.remote.webelement.WebElement (session="aed8256aef1a4eedc66ecee4e09e887c", element="3dd4c951-0834-491c-a5e4-7878067e87d3")&gt;</var>
<kw name="Get Text" library="SeleniumLibrary">
<var>${runtimelinks}</var>
<arg>${ele}</arg>
<doc>Returns the text value of the element identified by ``locator``.</doc>
<msg timestamp="20220713 19:07:23.945" level="INFO">${runtimelinks} = Developing for Amazon Web Services (AWS)</msg>
<status status="PASS" starttime="20220713 19:07:23.925" endtime="20220713 19:07:23.945"/>
</kw>
<kw name="Log To Console" library="BuiltIn">
<arg>${runtimelinks}</arg>
<doc>Logs the given message to the console.</doc>
<status status="PASS" starttime="20220713 19:07:23.946" endtime="20220713 19:07:23.947"/>
</kw>
<kw name="Exit For Loop If" library="BuiltIn">
<arg>"""${linkTextTovalidate}"""=="""${runtimelinks}"""</arg>
<doc>Stops executing the enclosing FOR loop if the ``condition`` is true.</doc>
<status status="PASS" starttime="20220713 19:07:23.947" endtime="20220713 19:07:23.948"/>
</kw>
<status status="PASS" starttime="20220713 19:07:23.924" endtime="20220713 19:07:23.948"/>
</iter>
<iter>
<var name="${ele}">&lt;selenium.webdriver.remote.webelement.WebElement (session="aed8256aef1a4eedc66ecee4e09e887c", element="26083aa4-863b-444c-b222-5601140b802b")&gt;</var>
<kw name="Get Text" library="SeleniumLibrary">
<var>${runtimelinks}</var>
<arg>${ele}</arg>
<doc>Returns the text value of the element identified by ``locator``.</doc>
<msg timestamp="20220713 19:07:23.971" level="INFO">${runtimelinks} = Deploying Infrastructure on Amazon Web Services (AWS)</msg>
<status status="PASS" starttime="20220713 19:07:23.949" endtime="20220713 19:07:23.971"/>
</kw>
<kw name="Log To Console" library="BuiltIn">
<arg>${runtimelinks}</arg>
<doc>Logs the given message to the console.</doc>
<status status="PASS" starttime="20220713 19:07:23.971" endtime="20220713 19:07:23.972"/>
</kw>
<kw name="Exit For Loop If" library="BuiltIn">
<arg>"""${linkTextTovalidate}"""=="""${runtimelinks}"""</arg>
<doc>Stops executing the enclosing FOR loop if the ``condition`` is true.</doc>
<status status="PASS" starttime="20220713 19:07:23.972" endtime="20220713 19:07:23.973"/>
</kw>
<status status="PASS" starttime="20220713 19:07:23.949" endtime="20220713 19:07:23.974"/>
</iter>
<iter>
<var name="${ele}">&lt;selenium.webdriver.remote.webelement.WebElement (session="aed8256aef1a4eedc66ecee4e09e887c", element="6abee93e-ee1d-4fac-87aa-0af7378c141d")&gt;</var>
<kw name="Get Text" library="SeleniumLibrary">
<var>${runtimelinks}</var>
<arg>${ele}</arg>
<doc>Returns the text value of the element identified by ``locator``.</doc>
<msg timestamp="20220713 19:07:23.996" level="INFO">${runtimelinks} = Systems Operations on AWS</msg>
<status status="PASS" starttime="20220713 19:07:23.974" endtime="20220713 19:07:23.996"/>
</kw>
<kw name="Log To Console" library="BuiltIn">
<arg>${runtimelinks}</arg>
<doc>Logs the given message to the console.</doc>
<status status="PASS" starttime="20220713 19:07:23.997" endtime="20220713 19:07:23.998"/>
</kw>
<kw name="Exit For Loop If" library="BuiltIn">
<arg>"""${linkTextTovalidate}"""=="""${runtimelinks}"""</arg>
<doc>Stops executing the enclosing FOR loop if the ``condition`` is true.</doc>
<status status="PASS" starttime="20220713 19:07:23.998" endtime="20220713 19:07:23.999"/>
</kw>
<status status="PASS" starttime="20220713 19:07:23.974" endtime="20220713 19:07:23.999"/>
</iter>
<iter>
<var name="${ele}">&lt;selenium.webdriver.remote.webelement.WebElement (session="aed8256aef1a4eedc66ecee4e09e887c", element="c2b91577-5215-44ba-b929-196a062c512f")&gt;</var>
<kw name="Get Text" library="SeleniumLibrary">
<var>${runtimelinks}</var>
<arg>${ele}</arg>
<doc>Returns the text value of the element identified by ``locator``.</doc>
<msg timestamp="20220713 19:07:24.024" level="INFO">${runtimelinks} = Developing Serverless Solutions on AWS</msg>
<status status="PASS" starttime="20220713 19:07:24.000" endtime="20220713 19:07:24.025"/>
</kw>
<kw name="Log To Console" library="BuiltIn">
<arg>${runtimelinks}</arg>
<doc>Logs the given message to the console.</doc>
<status status="PASS" starttime="20220713 19:07:24.025" endtime="20220713 19:07:24.026"/>
</kw>
<kw name="Exit For Loop If" library="BuiltIn">
<arg>"""${linkTextTovalidate}"""=="""${runtimelinks}"""</arg>
<doc>Stops executing the enclosing FOR loop if the ``condition`` is true.</doc>
<status status="PASS" starttime="20220713 19:07:24.027" endtime="20220713 19:07:24.028"/>
</kw>
<status status="PASS" starttime="20220713 19:07:24.000" endtime="20220713 19:07:24.028"/>
</iter>
<iter>
<var name="${ele}">&lt;selenium.webdriver.remote.webelement.WebElement (session="aed8256aef1a4eedc66ecee4e09e887c", element="a3d7b532-5fe6-47be-96cc-ad4eb41b889f")&gt;</var>
<kw name="Get Text" library="SeleniumLibrary">
<var>${runtimelinks}</var>
<arg>${ele}</arg>
<doc>Returns the text value of the element identified by ``locator``.</doc>
<msg timestamp="20220713 19:07:24.049" level="INFO">${runtimelinks} = Architecting with Google Compute Engine</msg>
<status status="PASS" starttime="20220713 19:07:24.029" endtime="20220713 19:07:24.049"/>
</kw>
<kw name="Log To Console" library="BuiltIn">
<arg>${runtimelinks}</arg>
<doc>Logs the given message to the console.</doc>
<status status="PASS" starttime="20220713 19:07:24.050" endtime="20220713 19:07:24.050"/>
</kw>
<kw name="Exit For Loop If" library="BuiltIn">
<arg>"""${linkTextTovalidate}"""=="""${runtimelinks}"""</arg>
<doc>Stops executing the enclosing FOR loop if the ``condition`` is true.</doc>
<status status="PASS" starttime="20220713 19:07:24.051" endtime="20220713 19:07:24.052"/>
</kw>
<status status="PASS" starttime="20220713 19:07:24.028" endtime="20220713 19:07:24.052"/>
</iter>
<iter>
<var name="${ele}">&lt;selenium.webdriver.remote.webelement.WebElement (session="aed8256aef1a4eedc66ecee4e09e887c", element="230ee5eb-6f14-4164-83a6-d6821ac43d9c")&gt;</var>
<kw name="Get Text" library="SeleniumLibrary">
<var>${runtimelinks}</var>
<arg>${ele}</arg>
<doc>Returns the text value of the element identified by ``locator``.</doc>
<msg timestamp="20220713 19:07:24.074" level="INFO">${runtimelinks} = Architecting with Google Cloud: Design and Process</msg>
<status status="PASS" starttime="20220713 19:07:24.053" endtime="20220713 19:07:24.074"/>
</kw>
<kw name="Log To Console" library="BuiltIn">
<arg>${runtimelinks}</arg>
<doc>Logs the given message to the console.</doc>
<status status="PASS" starttime="20220713 19:07:24.074" endtime="20220713 19:07:24.075"/>
</kw>
<kw name="Exit For Loop If" library="BuiltIn">
<arg>"""${linkTextTovalidate}"""=="""${runtimelinks}"""</arg>
<doc>Stops executing the enclosing FOR loop if the ``condition`` is true.</doc>
<status status="PASS" starttime="20220713 19:07:24.075" endtime="20220713 19:07:24.076"/>
</kw>
<status status="PASS" starttime="20220713 19:07:24.053" endtime="20220713 19:07:24.076"/>
</iter>
<iter>
<var name="${ele}">&lt;selenium.webdriver.remote.webelement.WebElement (session="aed8256aef1a4eedc66ecee4e09e887c", element="ac31abf4-63ab-467e-8fdf-0571bb8a51ea")&gt;</var>
<kw name="Get Text" library="SeleniumLibrary">
<var>${runtimelinks}</var>
<arg>${ele}</arg>
<doc>Returns the text value of the element identified by ``locator``.</doc>
<msg timestamp="20220713 19:07:24.099" level="INFO">${runtimelinks} = Developing Applications with Google Cloud Platform</msg>
<status status="PASS" starttime="20220713 19:07:24.077" endtime="20220713 19:07:24.099"/>
</kw>
<kw name="Log To Console" library="BuiltIn">
<arg>${runtimelinks}</arg>
<doc>Logs the given message to the console.</doc>
<status status="PASS" starttime="20220713 19:07:24.099" endtime="20220713 19:07:24.100"/>
</kw>
<kw name="Exit For Loop If" library="BuiltIn">
<arg>"""${linkTextTovalidate}"""=="""${runtimelinks}"""</arg>
<doc>Stops executing the enclosing FOR loop if the ``condition`` is true.</doc>
<status status="PASS" starttime="20220713 19:07:24.100" endtime="20220713 19:07:24.102"/>
</kw>
<status status="PASS" starttime="20220713 19:07:24.077" endtime="20220713 19:07:24.102"/>
</iter>
<iter>
<var name="${ele}">&lt;selenium.webdriver.remote.webelement.WebElement (session="aed8256aef1a4eedc66ecee4e09e887c", element="dcc01a1f-3d89-48c1-a17a-3dd7a818c8c7")&gt;</var>
<kw name="Get Text" library="SeleniumLibrary">
<var>${runtimelinks}</var>
<arg>${ele}</arg>
<doc>Returns the text value of the element identified by ``locator``.</doc>
<msg timestamp="20220713 19:07:24.124" level="INFO">${runtimelinks} = Architecting with Google Kubernetes Engine</msg>
<status status="PASS" starttime="20220713 19:07:24.103" endtime="20220713 19:07:24.124"/>
</kw>
<kw name="Log To Console" library="BuiltIn">
<arg>${runtimelinks}</arg>
<doc>Logs the given message to the console.</doc>
<status status="PASS" starttime="20220713 19:07:24.125" endtime="20220713 19:07:24.126"/>
</kw>
<kw name="Exit For Loop If" library="BuiltIn">
<arg>"""${linkTextTovalidate}"""=="""${runtimelinks}"""</arg>
<doc>Stops executing the enclosing FOR loop if the ``condition`` is true.</doc>
<status status="PASS" starttime="20220713 19:07:24.126" endtime="20220713 19:07:24.127"/>
</kw>
<status status="PASS" starttime="20220713 19:07:24.102" endtime="20220713 19:07:24.127"/>
</iter>
<iter>
<var name="${ele}">&lt;selenium.webdriver.remote.webelement.WebElement (session="aed8256aef1a4eedc66ecee4e09e887c", element="e9e41040-3664-461c-9d96-9297fe97204f")&gt;</var>
<kw name="Get Text" library="SeleniumLibrary">
<var>${runtimelinks}</var>
<arg>${ele}</arg>
<doc>Returns the text value of the element identified by ``locator``.</doc>
<msg timestamp="20220713 19:07:24.149" level="INFO">${runtimelinks} = Logging, Monitoring, and Observability in Google Cloud</msg>
<status status="PASS" starttime="20220713 19:07:24.128" endtime="20220713 19:07:24.149"/>
</kw>
<kw name="Log To Console" library="BuiltIn">
<arg>${runtimelinks}</arg>
<doc>Logs the given message to the console.</doc>
<status status="PASS" starttime="20220713 19:07:24.150" endtime="20220713 19:07:24.151"/>
</kw>
<kw name="Exit For Loop If" library="BuiltIn">
<arg>"""${linkTextTovalidate}"""=="""${runtimelinks}"""</arg>
<doc>Stops executing the enclosing FOR loop if the ``condition`` is true.</doc>
<status status="PASS" starttime="20220713 19:07:24.151" endtime="20220713 19:07:24.152"/>
</kw>
<status status="PASS" starttime="20220713 19:07:24.127" endtime="20220713 19:07:24.152"/>
</iter>
<iter>
<var name="${ele}">&lt;selenium.webdriver.remote.webelement.WebElement (session="aed8256aef1a4eedc66ecee4e09e887c", element="4953d20e-6faa-46f3-bdfa-065fdaa2c5b4")&gt;</var>
<kw name="Get Text" library="SeleniumLibrary">
<var>${runtimelinks}</var>
<arg>${ele}</arg>
<doc>Returns the text value of the element identified by ``locator``.</doc>
<msg timestamp="20220713 19:07:24.178" level="INFO">${runtimelinks} = Networking in Google Cloud</msg>
<status status="PASS" starttime="20220713 19:07:24.153" endtime="20220713 19:07:24.179"/>
</kw>
<kw name="Log To Console" library="BuiltIn">
<arg>${runtimelinks}</arg>
<doc>Logs the given message to the console.</doc>
<status status="PASS" starttime="20220713 19:07:24.179" endtime="20220713 19:07:24.180"/>
</kw>
<kw name="Exit For Loop If" library="BuiltIn">
<arg>"""${linkTextTovalidate}"""=="""${runtimelinks}"""</arg>
<doc>Stops executing the enclosing FOR loop if the ``condition`` is true.</doc>
<status status="PASS" starttime="20220713 19:07:24.180" endtime="20220713 19:07:24.181"/>
</kw>
<status status="PASS" starttime="20220713 19:07:24.153" endtime="20220713 19:07:24.182"/>
</iter>
<iter>
<var name="${ele}">&lt;selenium.webdriver.remote.webelement.WebElement (session="aed8256aef1a4eedc66ecee4e09e887c", element="69019a9e-8c0e-4b11-9918-b586287136de")&gt;</var>
<kw name="Get Text" library="SeleniumLibrary">
<var>${runtimelinks}</var>
<arg>${ele}</arg>
<doc>Returns the text value of the element identified by ``locator``.</doc>
<msg timestamp="20220713 19:07:24.204" level="INFO">${runtimelinks} = Security in Google Cloud</msg>
<status status="PASS" starttime="20220713 19:07:24.183" endtime="20220713 19:07:24.204"/>
</kw>
<kw name="Log To Console" library="BuiltIn">
<arg>${runtimelinks}</arg>
<doc>Logs the given message to the console.</doc>
<status status="PASS" starttime="20220713 19:07:24.204" endtime="20220713 19:07:24.205"/>
</kw>
<kw name="Exit For Loop If" library="BuiltIn">
<arg>"""${linkTextTovalidate}"""=="""${runtimelinks}"""</arg>
<doc>Stops executing the enclosing FOR loop if the ``condition`` is true.</doc>
<status status="PASS" starttime="20220713 19:07:24.206" endtime="20220713 19:07:24.207"/>
</kw>
<status status="PASS" starttime="20220713 19:07:24.182" endtime="20220713 19:07:24.207"/>
</iter>
<iter>
<var name="${ele}">&lt;selenium.webdriver.remote.webelement.WebElement (session="aed8256aef1a4eedc66ecee4e09e887c", element="5467d782-5c66-4d56-ab8f-38ab09631be9")&gt;</var>
<kw name="Get Text" library="SeleniumLibrary">
<var>${runtimelinks}</var>
<arg>${ele}</arg>
<doc>Returns the text value of the element identified by ``locator``.</doc>
<msg timestamp="20220713 19:07:24.230" level="INFO">${runtimelinks} = Machine Learning with TensorFlow on Google Cloud Platform</msg>
<status status="PASS" starttime="20220713 19:07:24.208" endtime="20220713 19:07:24.230"/>
</kw>
<kw name="Log To Console" library="BuiltIn">
<arg>${runtimelinks}</arg>
<doc>Logs the given message to the console.</doc>
<status status="PASS" starttime="20220713 19:07:24.230" endtime="20220713 19:07:24.231"/>
</kw>
<kw name="Exit For Loop If" library="BuiltIn">
<arg>"""${linkTextTovalidate}"""=="""${runtimelinks}"""</arg>
<doc>Stops executing the enclosing FOR loop if the ``condition`` is true.</doc>
<msg timestamp="20220713 19:07:24.232" level="INFO">Exiting for loop altogether.</msg>
<status status="PASS" starttime="20220713 19:07:24.231" endtime="20220713 19:07:24.234"/>
</kw>
<status status="PASS" starttime="20220713 19:07:24.207" endtime="20220713 19:07:24.234"/>
</iter>
<status status="PASS" starttime="20220713 19:07:20.597" endtime="20220713 19:07:24.234"/>
</for>
<kw name="Close All Browsers" library="SeleniumLibrary">
<doc>Closes all open browsers and resets the browser cache.</doc>
<status status="PASS" starttime="20220713 19:07:24.235" endtime="20220713 19:07:26.832"/>
</kw>
<status status="PASS" starttime="20220713 19:07:11.504" endtime="20220713 19:07:26.833"/>
</test>
<status status="PASS" starttime="20220713 19:07:11.013" endtime="20220713 19:07:26.834"/>
</suite>
<status status="PASS" starttime="20220713 19:07:10.972" endtime="20220713 19:07:26.836"/>
</suite>
<statistics>
<total>
<stat pass="1" fail="0" skip="0">All Tests</stat>
</total>
<tag>
</tag>
<suite>
<stat pass="1" fail="0" skip="0" id="s1" name="Suites">Suites</stat>
<stat pass="1" fail="0" skip="0" id="s1-s1" name="Pabot">Suites.Pabot</stat>
</suite>
</statistics>
<errors>
</errors>
</robot>
