<?xml version="1.0" encoding="UTF-8"?>
<robot generator="Robot 5.0.1 (Python 3.10.4 on win32)" generated="20220712 09:22:20.790" rpa="false" schemaversion="3">
<suite id="s1" name="RunByTag Doc &amp; RunByTag Doc1 &amp; RunByTag Doc2 &amp; RunByTag Doc3">
<suite id="s1-s1" name="RunByTag Doc" source="C:\Users\00004999\PycharmProjects\robot scripts\pythonProject\Day1PythonProgramming\Day6\RunByTag_Doc.robot">
<test id="s1-s1-t1" name="Google_Home_Page1" line="7">
<kw name="Log To Console" library="BuiltIn">
<arg>This is Smoke Test Case 1</arg>
<doc>Logs the given message to the console.</doc>
<status status="PASS" starttime="20220712 09:22:20.843" endtime="20220712 09:22:20.844"/>
</kw>
<doc>As a user I am validating google url1, Title1, Buttons1 ,text boxes1</doc>
<tag>Smoke</tag>
<status status="PASS" starttime="20220712 09:22:20.842" endtime="20220712 09:22:20.844"/>
</test>
<test id="s1-s1-t2" name="Google_Home_Page4" line="25">
<kw name="Log To Console" library="BuiltIn">
<arg>This is Smoke Test Case 4</arg>
<doc>Logs the given message to the console.</doc>
<status status="PASS" starttime="20220712 09:22:20.847" endtime="20220712 09:22:20.848"/>
</kw>
<doc>As a user I am validating google url4, Title4, Buttons4, text boxes4</doc>
<tag>Smoke</tag>
<status status="PASS" starttime="20220712 09:22:20.846" endtime="20220712 09:22:20.848"/>
</test>
<test id="s1-s1-t3" name="Google_Home_Page8" line="49">
<kw name="Log To Console" library="BuiltIn">
<arg>This is Smoke Test Case 8</arg>
<doc>Logs the given message to the console.</doc>
<status status="PASS" starttime="20220712 09:22:20.851" endtime="20220712 09:22:20.851"/>
</kw>
<doc>As a user I am validating google url8, Title8, Buttons8, text boxes8</doc>
<tag>Smoke</tag>
<status status="PASS" starttime="20220712 09:22:20.850" endtime="20220712 09:22:20.852"/>
</test>
<status status="PASS" starttime="20220712 09:22:20.836" endtime="20220712 09:22:20.855"/>
</suite>
<suite id="s1-s2" name="RunByTag Doc1" source="C:\Users\00004999\PycharmProjects\robot scripts\pythonProject\Day1PythonProgramming\Day6\RunByTag_Doc1.robot">
<test id="s1-s2-t1" name="Google_Home_Page1" line="7">
<kw name="Log To Console" library="BuiltIn">
<arg>This is Smoke Test Case 1</arg>
<doc>Logs the given message to the console.</doc>
<status status="PASS" starttime="20220712 09:22:20.866" endtime="20220712 09:22:20.866"/>
</kw>
<doc>As a user I am validating google url1, Title1, Buttons1 ,text boxes1</doc>
<tag>Smoke</tag>
<status status="PASS" starttime="20220712 09:22:20.865" endtime="20220712 09:22:20.867"/>
</test>
<test id="s1-s2-t2" name="Google_Home_Page4" line="25">
<kw name="Log To Console" library="BuiltIn">
<arg>This is Smoke Test Case 4</arg>
<doc>Logs the given message to the console.</doc>
<status status="PASS" starttime="20220712 09:22:20.870" endtime="20220712 09:22:20.870"/>
</kw>
<doc>As a user I am validating google url4, Title4, Buttons4, text boxes4</doc>
<tag>Smoke</tag>
<status status="PASS" starttime="20220712 09:22:20.869" endtime="20220712 09:22:20.871"/>
</test>
<test id="s1-s2-t3" name="Google_Home_Page8" line="49">
<kw name="Log To Console" library="BuiltIn">
<arg>This is Smoke Test Case 8</arg>
<doc>Logs the given message to the console.</doc>
<status status="PASS" starttime="20220712 09:22:20.874" endtime="20220712 09:22:20.874"/>
</kw>
<doc>As a user I am validating google url8, Title8, Buttons8, text boxes8</doc>
<tag>Smoke</tag>
<status status="PASS" starttime="20220712 09:22:20.873" endtime="20220712 09:22:20.875"/>
</test>
<status status="PASS" starttime="20220712 09:22:20.859" endtime="20220712 09:22:20.876"/>
</suite>
<suite id="s1-s3" name="RunByTag Doc2" source="C:\Users\00004999\PycharmProjects\robot scripts\pythonProject\Day1PythonProgramming\Day6\RunByTag_Doc2.robot">
<test id="s1-s3-t1" name="Google_Home_Page1" line="7">
<kw name="Log To Console" library="BuiltIn">
<arg>This is Smoke Test Case 1</arg>
<doc>Logs the given message to the console.</doc>
<status status="PASS" starttime="20220712 09:22:20.889" endtime="20220712 09:22:20.889"/>
</kw>
<doc>As a user I am validating google url1, Title1, Buttons1 ,text boxes1</doc>
<tag>Smoke</tag>
<status status="PASS" starttime="20220712 09:22:20.886" endtime="20220712 09:22:20.890"/>
</test>
<test id="s1-s3-t2" name="Google_Home_Page4" line="25">
<kw name="Log To Console" library="BuiltIn">
<arg>This is Smoke Test Case 4</arg>
<doc>Logs the given message to the console.</doc>
<status status="PASS" starttime="20220712 09:22:20.894" endtime="20220712 09:22:20.895"/>
</kw>
<doc>As a user I am validating google url4, Title4, Buttons4, text boxes4</doc>
<tag>Smoke</tag>
<status status="PASS" starttime="20220712 09:22:20.892" endtime="20220712 09:22:20.895"/>
</test>
<test id="s1-s3-t3" name="Google_Home_Page8" line="49">
<kw name="Log To Console" library="BuiltIn">
<arg>This is Smoke Test Case 8</arg>
<doc>Logs the given message to the console.</doc>
<status status="PASS" starttime="20220712 09:22:20.898" endtime="20220712 09:22:20.899"/>
</kw>
<doc>As a user I am validating google url8, Title8, Buttons8, text boxes8</doc>
<tag>Smoke</tag>
<status status="PASS" starttime="20220712 09:22:20.897" endtime="20220712 09:22:20.899"/>
</test>
<status status="PASS" starttime="20220712 09:22:20.880" endtime="20220712 09:22:20.901"/>
</suite>
<suite id="s1-s4" name="RunByTag Doc3" source="C:\Users\00004999\PycharmProjects\robot scripts\pythonProject\Day1PythonProgramming\Day6\RunByTag_Doc3.robot">
<test id="s1-s4-t1" name="Google_Home_Page1" line="7">
<kw name="Log To Console" library="BuiltIn">
<arg>This is Smoke Test Case 1</arg>
<doc>Logs the given message to the console.</doc>
<status status="PASS" starttime="20220712 09:22:20.910" endtime="20220712 09:22:20.910"/>
</kw>
<doc>As a user I am validating google url1, Title1, Buttons1 ,text boxes1</doc>
<tag>Smoke</tag>
<status status="PASS" starttime="20220712 09:22:20.909" endtime="20220712 09:22:20.911"/>
</test>
<test id="s1-s4-t2" name="Google_Home_Page4" line="25">
<kw name="Log To Console" library="BuiltIn">
<arg>This is Smoke Test Case 4</arg>
<doc>Logs the given message to the console.</doc>
<status status="PASS" starttime="20220712 09:22:20.914" endtime="20220712 09:22:20.914"/>
</kw>
<doc>As a user I am validating google url4, Title4, Buttons4, text boxes4</doc>
<tag>Smoke</tag>
<status status="PASS" starttime="20220712 09:22:20.913" endtime="20220712 09:22:20.915"/>
</test>
<test id="s1-s4-t3" name="Google_Home_Page8" line="49">
<kw name="Log To Console" library="BuiltIn">
<arg>This is Smoke Test Case 8</arg>
<doc>Logs the given message to the console.</doc>
<status status="PASS" starttime="20220712 09:22:20.918" endtime="20220712 09:22:20.920"/>
</kw>
<doc>As a user I am validating google url8, Title8, Buttons8, text boxes8</doc>
<tag>Smoke</tag>
<status status="PASS" starttime="20220712 09:22:20.917" endtime="20220712 09:22:20.921"/>
</test>
<status status="PASS" starttime="20220712 09:22:20.904" endtime="20220712 09:22:20.922"/>
</suite>
<status status="PASS" starttime="20220712 09:22:20.797" endtime="20220712 09:22:20.925"/>
</suite>
<statistics>
<total>
<stat pass="12" fail="0" skip="0">All Tests</stat>
</total>
<tag>
<stat pass="12" fail="0" skip="0">Smoke</stat>
</tag>
<suite>
<stat pass="12" fail="0" skip="0" id="s1" name="RunByTag Doc &amp; RunByTag Doc1 &amp; RunByTag Doc2 &amp; RunByTag Doc3">RunByTag Doc &amp; RunByTag Doc1 &amp; RunByTag Doc2 &amp; RunByTag Doc3</stat>
<stat pass="3" fail="0" skip="0" id="s1-s1" name="RunByTag Doc">RunByTag Doc &amp; RunByTag Doc1 &amp; RunByTag Doc2 &amp; RunByTag Doc3.RunByTag Doc</stat>
<stat pass="3" fail="0" skip="0" id="s1-s2" name="RunByTag Doc1">RunByTag Doc &amp; RunByTag Doc1 &amp; RunByTag Doc2 &amp; RunByTag Doc3.RunByTag Doc1</stat>
<stat pass="3" fail="0" skip="0" id="s1-s3" name="RunByTag Doc2">RunByTag Doc &amp; RunByTag Doc1 &amp; RunByTag Doc2 &amp; RunByTag Doc3.RunByTag Doc2</stat>
<stat pass="3" fail="0" skip="0" id="s1-s4" name="RunByTag Doc3">RunByTag Doc &amp; RunByTag Doc1 &amp; RunByTag Doc2 &amp; RunByTag Doc3.RunByTag Doc3</stat>
</suite>
</statistics>
<errors>
</errors>
</robot>
